ERROR - 2026-05-18 22:59:31 --> Table 'epi.epi' doesn't exist
in SYSTEMPATH\Database\MySQLi\Connection.php on line 300.
 1 SYSTEMPATH\Database\MySQLi\Connection.php(300): mysqli->query('SELECT COUNT(*) as total FROM epi WHERE status = \'disponivel\'', 0)
 2 SYSTEMPATH\Database\BaseConnection.php(769): CodeIgniter\Database\MySQLi\Connection->execute('SELECT COUNT(*) as total FROM epi WHERE status = \'disponivel\'')
 3 SYSTEMPATH\Database\BaseConnection.php(686): CodeIgniter\Database\BaseConnection->simpleQuery('SELECT COUNT(*) as total FROM epi WHERE status = \'disponivel\'')
 4 APPPATH\Models\epiModel.php(38): CodeIgniter\Database\BaseConnection->query('SELECT COUNT(*) as total FROM epi WHERE status = \'disponivel\'')
 5 APPPATH\Controllers\Home.php(43): App\Models\epiModel->contarEpisDisponiveis()
 6 SYSTEMPATH\CodeIgniter.php(951): App\Controllers\Home->principal()
 7 SYSTEMPATH\CodeIgniter.php(497): CodeIgniter\CodeIgniter->runController(Object(App\Controllers\Home))
 8 SYSTEMPATH\CodeIgniter.php(340): CodeIgniter\CodeIgniter->handleRequest(null, Object(Config\Cache), false)
 9 SYSTEMPATH\Boot.php(417): CodeIgniter\CodeIgniter->run()
10 SYSTEMPATH\Boot.php(68): CodeIgniter\Boot::runCodeIgniter(Object(CodeIgniter\CodeIgniter))
11 FCPATH\index.php(64): CodeIgniter\Boot::bootWeb(Object(Config\Paths))
CRITICAL - 2026-05-18 22:59:31 --> CodeIgniter\Database\Exceptions\DatabaseException: Table 'epi.epi' doesn't exist
[Method: GET, Route: principal]
in SYSTEMPATH\Database\BaseConnection.php on line 724.
 1 APPPATH\Models\epiModel.php(38): CodeIgniter\Database\BaseConnection->query('SELECT COUNT(*) as total FROM epi WHERE status = \'disponivel\'')
 2 APPPATH\Controllers\Home.php(43): App\Models\epiModel->contarEpisDisponiveis()
 3 SYSTEMPATH\CodeIgniter.php(951): App\Controllers\Home->principal()
 4 SYSTEMPATH\CodeIgniter.php(497): CodeIgniter\CodeIgniter->runController(Object(App\Controllers\Home))
 5 SYSTEMPATH\CodeIgniter.php(340): CodeIgniter\CodeIgniter->handleRequest(null, Object(Config\Cache), false)
 6 SYSTEMPATH\Boot.php(417): CodeIgniter\CodeIgniter->run()
 7 SYSTEMPATH\Boot.php(68): CodeIgniter\Boot::runCodeIgniter(Object(CodeIgniter\CodeIgniter))
 8 FCPATH\index.php(64): CodeIgniter\Boot::bootWeb(Object(Config\Paths))
CRITICAL - 2026-05-18 22:59:31 --> [Caused by] CodeIgniter\Database\Exceptions\DatabaseException: Table 'epi.epi' doesn't exist
in SYSTEMPATH\Database\MySQLi\Connection.php on line 310.
 1 SYSTEMPATH\Database\BaseConnection.php(769): CodeIgniter\Database\MySQLi\Connection->execute('SELECT COUNT(*) as total FROM epi WHERE status = \'disponivel\'')
 2 SYSTEMPATH\Database\BaseConnection.php(686): CodeIgniter\Database\BaseConnection->simpleQuery('SELECT COUNT(*) as total FROM epi WHERE status = \'disponivel\'')
 3 APPPATH\Models\epiModel.php(38): CodeIgniter\Database\BaseConnection->query('SELECT COUNT(*) as total FROM epi WHERE status = \'disponivel\'')
 4 APPPATH\Controllers\Home.php(43): App\Models\epiModel->contarEpisDisponiveis()
 5 SYSTEMPATH\CodeIgniter.php(951): App\Controllers\Home->principal()
 6 SYSTEMPATH\CodeIgniter.php(497): CodeIgniter\CodeIgniter->runController(Object(App\Controllers\Home))
 7 SYSTEMPATH\CodeIgniter.php(340): CodeIgniter\CodeIgniter->handleRequest(null, Object(Config\Cache), false)
 8 SYSTEMPATH\Boot.php(417): CodeIgniter\CodeIgniter->run()
 9 SYSTEMPATH\Boot.php(68): CodeIgniter\Boot::runCodeIgniter(Object(CodeIgniter\CodeIgniter))
10 FCPATH\index.php(64): CodeIgniter\Boot::bootWeb(Object(Config\Paths))
CRITICAL - 2026-05-18 22:59:31 --> [Caused by] mysqli_sql_exception: Table 'epi.epi' doesn't exist
in SYSTEMPATH\Database\MySQLi\Connection.php on line 300.
 1 SYSTEMPATH\Database\MySQLi\Connection.php(300): mysqli->query('SELECT COUNT(*) as total FROM epi WHERE status = \'disponivel\'', 0)
 2 SYSTEMPATH\Database\BaseConnection.php(769): CodeIgniter\Database\MySQLi\Connection->execute('SELECT COUNT(*) as total FROM epi WHERE status = \'disponivel\'')
 3 SYSTEMPATH\Database\BaseConnection.php(686): CodeIgniter\Database\BaseConnection->simpleQuery('SELECT COUNT(*) as total FROM epi WHERE status = \'disponivel\'')
 4 APPPATH\Models\epiModel.php(38): CodeIgniter\Database\BaseConnection->query('SELECT COUNT(*) as total FROM epi WHERE status = \'disponivel\'')
 5 APPPATH\Controllers\Home.php(43): App\Models\epiModel->contarEpisDisponiveis()
 6 SYSTEMPATH\CodeIgniter.php(951): App\Controllers\Home->principal()
 7 SYSTEMPATH\CodeIgniter.php(497): CodeIgniter\CodeIgniter->runController(Object(App\Controllers\Home))
 8 SYSTEMPATH\CodeIgniter.php(340): CodeIgniter\CodeIgniter->handleRequest(null, Object(Config\Cache), false)
 9 SYSTEMPATH\Boot.php(417): CodeIgniter\CodeIgniter->run()
10 SYSTEMPATH\Boot.php(68): CodeIgniter\Boot::runCodeIgniter(Object(CodeIgniter\CodeIgniter))
11 FCPATH\index.php(64): CodeIgniter\Boot::bootWeb(Object(Config\Paths))
ERROR - 2026-05-18 22:59:33 --> Table 'epi.epi' doesn't exist
in SYSTEMPATH\Database\MySQLi\Connection.php on line 300.
 1 SYSTEMPATH\Database\MySQLi\Connection.php(300): mysqli->query('SELECT COUNT(*) as total FROM epi WHERE status = \'disponivel\'', 0)
 2 SYSTEMPATH\Database\BaseConnection.php(769): CodeIgniter\Database\MySQLi\Connection->execute('SELECT COUNT(*) as total FROM epi WHERE status = \'disponivel\'')
 3 SYSTEMPATH\Database\BaseConnection.php(686): CodeIgniter\Database\BaseConnection->simpleQuery('SELECT COUNT(*) as total FROM epi WHERE status = \'disponivel\'')
 4 APPPATH\Models\epiModel.php(38): CodeIgniter\Database\BaseConnection->query('SELECT COUNT(*) as total FROM epi WHERE status = \'disponivel\'')
 5 APPPATH\Controllers\Home.php(43): App\Models\epiModel->contarEpisDisponiveis()
 6 SYSTEMPATH\CodeIgniter.php(951): App\Controllers\Home->principal()
 7 SYSTEMPATH\CodeIgniter.php(497): CodeIgniter\CodeIgniter->runController(Object(App\Controllers\Home))
 8 SYSTEMPATH\CodeIgniter.php(340): CodeIgniter\CodeIgniter->handleRequest(null, Object(Config\Cache), false)
 9 SYSTEMPATH\Boot.php(417): CodeIgniter\CodeIgniter->run()
10 SYSTEMPATH\Boot.php(68): CodeIgniter\Boot::runCodeIgniter(Object(CodeIgniter\CodeIgniter))
11 FCPATH\index.php(64): CodeIgniter\Boot::bootWeb(Object(Config\Paths))
CRITICAL - 2026-05-18 22:59:33 --> CodeIgniter\Database\Exceptions\DatabaseException: Table 'epi.epi' doesn't exist
[Method: GET, Route: principal]
in SYSTEMPATH\Database\BaseConnection.php on line 724.
 1 APPPATH\Models\epiModel.php(38): CodeIgniter\Database\BaseConnection->query('SELECT COUNT(*) as total FROM epi WHERE status = \'disponivel\'')
 2 APPPATH\Controllers\Home.php(43): App\Models\epiModel->contarEpisDisponiveis()
 3 SYSTEMPATH\CodeIgniter.php(951): App\Controllers\Home->principal()
 4 SYSTEMPATH\CodeIgniter.php(497): CodeIgniter\CodeIgniter->runController(Object(App\Controllers\Home))
 5 SYSTEMPATH\CodeIgniter.php(340): CodeIgniter\CodeIgniter->handleRequest(null, Object(Config\Cache), false)
 6 SYSTEMPATH\Boot.php(417): CodeIgniter\CodeIgniter->run()
 7 SYSTEMPATH\Boot.php(68): CodeIgniter\Boot::runCodeIgniter(Object(CodeIgniter\CodeIgniter))
 8 FCPATH\index.php(64): CodeIgniter\Boot::bootWeb(Object(Config\Paths))
CRITICAL - 2026-05-18 22:59:33 --> [Caused by] CodeIgniter\Database\Exceptions\DatabaseException: Table 'epi.epi' doesn't exist
in SYSTEMPATH\Database\MySQLi\Connection.php on line 310.
 1 SYSTEMPATH\Database\BaseConnection.php(769): CodeIgniter\Database\MySQLi\Connection->execute('SELECT COUNT(*) as total FROM epi WHERE status = \'disponivel\'')
 2 SYSTEMPATH\Database\BaseConnection.php(686): CodeIgniter\Database\BaseConnection->simpleQuery('SELECT COUNT(*) as total FROM epi WHERE status = \'disponivel\'')
 3 APPPATH\Models\epiModel.php(38): CodeIgniter\Database\BaseConnection->query('SELECT COUNT(*) as total FROM epi WHERE status = \'disponivel\'')
 4 APPPATH\Controllers\Home.php(43): App\Models\epiModel->contarEpisDisponiveis()
 5 SYSTEMPATH\CodeIgniter.php(951): App\Controllers\Home->principal()
 6 SYSTEMPATH\CodeIgniter.php(497): CodeIgniter\CodeIgniter->runController(Object(App\Controllers\Home))
 7 SYSTEMPATH\CodeIgniter.php(340): CodeIgniter\CodeIgniter->handleRequest(null, Object(Config\Cache), false)
 8 SYSTEMPATH\Boot.php(417): CodeIgniter\CodeIgniter->run()
 9 SYSTEMPATH\Boot.php(68): CodeIgniter\Boot::runCodeIgniter(Object(CodeIgniter\CodeIgniter))
10 FCPATH\index.php(64): CodeIgniter\Boot::bootWeb(Object(Config\Paths))
CRITICAL - 2026-05-18 22:59:33 --> [Caused by] mysqli_sql_exception: Table 'epi.epi' doesn't exist
in SYSTEMPATH\Database\MySQLi\Connection.php on line 300.
 1 SYSTEMPATH\Database\MySQLi\Connection.php(300): mysqli->query('SELECT COUNT(*) as total FROM epi WHERE status = \'disponivel\'', 0)
 2 SYSTEMPATH\Database\BaseConnection.php(769): CodeIgniter\Database\MySQLi\Connection->execute('SELECT COUNT(*) as total FROM epi WHERE status = \'disponivel\'')
 3 SYSTEMPATH\Database\BaseConnection.php(686): CodeIgniter\Database\BaseConnection->simpleQuery('SELECT COUNT(*) as total FROM epi WHERE status = \'disponivel\'')
 4 APPPATH\Models\epiModel.php(38): CodeIgniter\Database\BaseConnection->query('SELECT COUNT(*) as total FROM epi WHERE status = \'disponivel\'')
 5 APPPATH\Controllers\Home.php(43): App\Models\epiModel->contarEpisDisponiveis()
 6 SYSTEMPATH\CodeIgniter.php(951): App\Controllers\Home->principal()
 7 SYSTEMPATH\CodeIgniter.php(497): CodeIgniter\CodeIgniter->runController(Object(App\Controllers\Home))
 8 SYSTEMPATH\CodeIgniter.php(340): CodeIgniter\CodeIgniter->handleRequest(null, Object(Config\Cache), false)
 9 SYSTEMPATH\Boot.php(417): CodeIgniter\CodeIgniter->run()
10 SYSTEMPATH\Boot.php(68): CodeIgniter\Boot::runCodeIgniter(Object(CodeIgniter\CodeIgniter))
11 FCPATH\index.php(64): CodeIgniter\Boot::bootWeb(Object(Config\Paths))
ERROR - 2026-05-18 22:59:39 --> Table 'epi.epi' doesn't exist
in SYSTEMPATH\Database\MySQLi\Connection.php on line 300.
 1 SYSTEMPATH\Database\MySQLi\Connection.php(300): mysqli->query('SELECT COUNT(*) as total FROM epi WHERE status = \'disponivel\'', 0)
 2 SYSTEMPATH\Database\BaseConnection.php(769): CodeIgniter\Database\MySQLi\Connection->execute('SELECT COUNT(*) as total FROM epi WHERE status = \'disponivel\'')
 3 SYSTEMPATH\Database\BaseConnection.php(686): CodeIgniter\Database\BaseConnection->simpleQuery('SELECT COUNT(*) as total FROM epi WHERE status = \'disponivel\'')
 4 APPPATH\Models\epiModel.php(38): CodeIgniter\Database\BaseConnection->query('SELECT COUNT(*) as total FROM epi WHERE status = \'disponivel\'')
 5 APPPATH\Controllers\Home.php(43): App\Models\epiModel->contarEpisDisponiveis()
 6 SYSTEMPATH\CodeIgniter.php(951): App\Controllers\Home->principal()
 7 SYSTEMPATH\CodeIgniter.php(497): CodeIgniter\CodeIgniter->runController(Object(App\Controllers\Home))
 8 SYSTEMPATH\CodeIgniter.php(340): CodeIgniter\CodeIgniter->handleRequest(null, Object(Config\Cache), false)
 9 SYSTEMPATH\Boot.php(417): CodeIgniter\CodeIgniter->run()
10 SYSTEMPATH\Boot.php(68): CodeIgniter\Boot::runCodeIgniter(Object(CodeIgniter\CodeIgniter))
11 FCPATH\index.php(64): CodeIgniter\Boot::bootWeb(Object(Config\Paths))
CRITICAL - 2026-05-18 22:59:39 --> CodeIgniter\Database\Exceptions\DatabaseException: Table 'epi.epi' doesn't exist
[Method: GET, Route: principal]
in SYSTEMPATH\Database\BaseConnection.php on line 724.
 1 APPPATH\Models\epiModel.php(38): CodeIgniter\Database\BaseConnection->query('SELECT COUNT(*) as total FROM epi WHERE status = \'disponivel\'')
 2 APPPATH\Controllers\Home.php(43): App\Models\epiModel->contarEpisDisponiveis()
 3 SYSTEMPATH\CodeIgniter.php(951): App\Controllers\Home->principal()
 4 SYSTEMPATH\CodeIgniter.php(497): CodeIgniter\CodeIgniter->runController(Object(App\Controllers\Home))
 5 SYSTEMPATH\CodeIgniter.php(340): CodeIgniter\CodeIgniter->handleRequest(null, Object(Config\Cache), false)
 6 SYSTEMPATH\Boot.php(417): CodeIgniter\CodeIgniter->run()
 7 SYSTEMPATH\Boot.php(68): CodeIgniter\Boot::runCodeIgniter(Object(CodeIgniter\CodeIgniter))
 8 FCPATH\index.php(64): CodeIgniter\Boot::bootWeb(Object(Config\Paths))
CRITICAL - 2026-05-18 22:59:39 --> [Caused by] CodeIgniter\Database\Exceptions\DatabaseException: Table 'epi.epi' doesn't exist
in SYSTEMPATH\Database\MySQLi\Connection.php on line 310.
 1 SYSTEMPATH\Database\BaseConnection.php(769): CodeIgniter\Database\MySQLi\Connection->execute('SELECT COUNT(*) as total FROM epi WHERE status = \'disponivel\'')
 2 SYSTEMPATH\Database\BaseConnection.php(686): CodeIgniter\Database\BaseConnection->simpleQuery('SELECT COUNT(*) as total FROM epi WHERE status = \'disponivel\'')
 3 APPPATH\Models\epiModel.php(38): CodeIgniter\Database\BaseConnection->query('SELECT COUNT(*) as total FROM epi WHERE status = \'disponivel\'')
 4 APPPATH\Controllers\Home.php(43): App\Models\epiModel->contarEpisDisponiveis()
 5 SYSTEMPATH\CodeIgniter.php(951): App\Controllers\Home->principal()
 6 SYSTEMPATH\CodeIgniter.php(497): CodeIgniter\CodeIgniter->runController(Object(App\Controllers\Home))
 7 SYSTEMPATH\CodeIgniter.php(340): CodeIgniter\CodeIgniter->handleRequest(null, Object(Config\Cache), false)
 8 SYSTEMPATH\Boot.php(417): CodeIgniter\CodeIgniter->run()
 9 SYSTEMPATH\Boot.php(68): CodeIgniter\Boot::runCodeIgniter(Object(CodeIgniter\CodeIgniter))
10 FCPATH\index.php(64): CodeIgniter\Boot::bootWeb(Object(Config\Paths))
CRITICAL - 2026-05-18 22:59:39 --> [Caused by] mysqli_sql_exception: Table 'epi.epi' doesn't exist
in SYSTEMPATH\Database\MySQLi\Connection.php on line 300.
 1 SYSTEMPATH\Database\MySQLi\Connection.php(300): mysqli->query('SELECT COUNT(*) as total FROM epi WHERE status = \'disponivel\'', 0)
 2 SYSTEMPATH\Database\BaseConnection.php(769): CodeIgniter\Database\MySQLi\Connection->execute('SELECT COUNT(*) as total FROM epi WHERE status = \'disponivel\'')
 3 SYSTEMPATH\Database\BaseConnection.php(686): CodeIgniter\Database\BaseConnection->simpleQuery('SELECT COUNT(*) as total FROM epi WHERE status = \'disponivel\'')
 4 APPPATH\Models\epiModel.php(38): CodeIgniter\Database\BaseConnection->query('SELECT COUNT(*) as total FROM epi WHERE status = \'disponivel\'')
 5 APPPATH\Controllers\Home.php(43): App\Models\epiModel->contarEpisDisponiveis()
 6 SYSTEMPATH\CodeIgniter.php(951): App\Controllers\Home->principal()
 7 SYSTEMPATH\CodeIgniter.php(497): CodeIgniter\CodeIgniter->runController(Object(App\Controllers\Home))
 8 SYSTEMPATH\CodeIgniter.php(340): CodeIgniter\CodeIgniter->handleRequest(null, Object(Config\Cache), false)
 9 SYSTEMPATH\Boot.php(417): CodeIgniter\CodeIgniter->run()
10 SYSTEMPATH\Boot.php(68): CodeIgniter\Boot::runCodeIgniter(Object(CodeIgniter\CodeIgniter))
11 FCPATH\index.php(64): CodeIgniter\Boot::bootWeb(Object(Config\Paths))
ERROR - 2026-05-18 22:59:43 --> Table 'epi.epi' doesn't exist
in SYSTEMPATH\Database\MySQLi\Connection.php on line 300.
 1 SYSTEMPATH\Database\MySQLi\Connection.php(300): mysqli->query('SELECT COUNT(*) as total FROM epi WHERE status = \'disponivel\'', 0)
 2 SYSTEMPATH\Database\BaseConnection.php(769): CodeIgniter\Database\MySQLi\Connection->execute('SELECT COUNT(*) as total FROM epi WHERE status = \'disponivel\'')
 3 SYSTEMPATH\Database\BaseConnection.php(686): CodeIgniter\Database\BaseConnection->simpleQuery('SELECT COUNT(*) as total FROM epi WHERE status = \'disponivel\'')
 4 APPPATH\Models\epiModel.php(38): CodeIgniter\Database\BaseConnection->query('SELECT COUNT(*) as total FROM epi WHERE status = \'disponivel\'')
 5 APPPATH\Controllers\Home.php(43): App\Models\epiModel->contarEpisDisponiveis()
 6 SYSTEMPATH\CodeIgniter.php(951): App\Controllers\Home->principal()
 7 SYSTEMPATH\CodeIgniter.php(497): CodeIgniter\CodeIgniter->runController(Object(App\Controllers\Home))
 8 SYSTEMPATH\CodeIgniter.php(340): CodeIgniter\CodeIgniter->handleRequest(null, Object(Config\Cache), false)
 9 SYSTEMPATH\Boot.php(417): CodeIgniter\CodeIgniter->run()
10 SYSTEMPATH\Boot.php(68): CodeIgniter\Boot::runCodeIgniter(Object(CodeIgniter\CodeIgniter))
11 FCPATH\index.php(64): CodeIgniter\Boot::bootWeb(Object(Config\Paths))
CRITICAL - 2026-05-18 22:59:43 --> CodeIgniter\Database\Exceptions\DatabaseException: Table 'epi.epi' doesn't exist
[Method: GET, Route: principal]
in SYSTEMPATH\Database\BaseConnection.php on line 724.
 1 APPPATH\Models\epiModel.php(38): CodeIgniter\Database\BaseConnection->query('SELECT COUNT(*) as total FROM epi WHERE status = \'disponivel\'')
 2 APPPATH\Controllers\Home.php(43): App\Models\epiModel->contarEpisDisponiveis()
 3 SYSTEMPATH\CodeIgniter.php(951): App\Controllers\Home->principal()
 4 SYSTEMPATH\CodeIgniter.php(497): CodeIgniter\CodeIgniter->runController(Object(App\Controllers\Home))
 5 SYSTEMPATH\CodeIgniter.php(340): CodeIgniter\CodeIgniter->handleRequest(null, Object(Config\Cache), false)
 6 SYSTEMPATH\Boot.php(417): CodeIgniter\CodeIgniter->run()
 7 SYSTEMPATH\Boot.php(68): CodeIgniter\Boot::runCodeIgniter(Object(CodeIgniter\CodeIgniter))
 8 FCPATH\index.php(64): CodeIgniter\Boot::bootWeb(Object(Config\Paths))
CRITICAL - 2026-05-18 22:59:43 --> [Caused by] CodeIgniter\Database\Exceptions\DatabaseException: Table 'epi.epi' doesn't exist
in SYSTEMPATH\Database\MySQLi\Connection.php on line 310.
 1 SYSTEMPATH\Database\BaseConnection.php(769): CodeIgniter\Database\MySQLi\Connection->execute('SELECT COUNT(*) as total FROM epi WHERE status = \'disponivel\'')
 2 SYSTEMPATH\Database\BaseConnection.php(686): CodeIgniter\Database\BaseConnection->simpleQuery('SELECT COUNT(*) as total FROM epi WHERE status = \'disponivel\'')
 3 APPPATH\Models\epiModel.php(38): CodeIgniter\Database\BaseConnection->query('SELECT COUNT(*) as total FROM epi WHERE status = \'disponivel\'')
 4 APPPATH\Controllers\Home.php(43): App\Models\epiModel->contarEpisDisponiveis()
 5 SYSTEMPATH\CodeIgniter.php(951): App\Controllers\Home->principal()
 6 SYSTEMPATH\CodeIgniter.php(497): CodeIgniter\CodeIgniter->runController(Object(App\Controllers\Home))
 7 SYSTEMPATH\CodeIgniter.php(340): CodeIgniter\CodeIgniter->handleRequest(null, Object(Config\Cache), false)
 8 SYSTEMPATH\Boot.php(417): CodeIgniter\CodeIgniter->run()
 9 SYSTEMPATH\Boot.php(68): CodeIgniter\Boot::runCodeIgniter(Object(CodeIgniter\CodeIgniter))
10 FCPATH\index.php(64): CodeIgniter\Boot::bootWeb(Object(Config\Paths))
CRITICAL - 2026-05-18 22:59:43 --> [Caused by] mysqli_sql_exception: Table 'epi.epi' doesn't exist
in SYSTEMPATH\Database\MySQLi\Connection.php on line 300.
 1 SYSTEMPATH\Database\MySQLi\Connection.php(300): mysqli->query('SELECT COUNT(*) as total FROM epi WHERE status = \'disponivel\'', 0)
 2 SYSTEMPATH\Database\BaseConnection.php(769): CodeIgniter\Database\MySQLi\Connection->execute('SELECT COUNT(*) as total FROM epi WHERE status = \'disponivel\'')
 3 SYSTEMPATH\Database\BaseConnection.php(686): CodeIgniter\Database\BaseConnection->simpleQuery('SELECT COUNT(*) as total FROM epi WHERE status = \'disponivel\'')
 4 APPPATH\Models\epiModel.php(38): CodeIgniter\Database\BaseConnection->query('SELECT COUNT(*) as total FROM epi WHERE status = \'disponivel\'')
 5 APPPATH\Controllers\Home.php(43): App\Models\epiModel->contarEpisDisponiveis()
 6 SYSTEMPATH\CodeIgniter.php(951): App\Controllers\Home->principal()
 7 SYSTEMPATH\CodeIgniter.php(497): CodeIgniter\CodeIgniter->runController(Object(App\Controllers\Home))
 8 SYSTEMPATH\CodeIgniter.php(340): CodeIgniter\CodeIgniter->handleRequest(null, Object(Config\Cache), false)
 9 SYSTEMPATH\Boot.php(417): CodeIgniter\CodeIgniter->run()
10 SYSTEMPATH\Boot.php(68): CodeIgniter\Boot::runCodeIgniter(Object(CodeIgniter\CodeIgniter))
11 FCPATH\index.php(64): CodeIgniter\Boot::bootWeb(Object(Config\Paths))
ERROR - 2026-05-18 23:01:35 --> Table 'epi.epi' doesn't exist
in SYSTEMPATH\Database\MySQLi\Connection.php on line 300.
 1 SYSTEMPATH\Database\MySQLi\Connection.php(300): mysqli->query('SELECT COUNT(*) as total FROM epi WHERE status = \'disponivel\'', 0)
 2 SYSTEMPATH\Database\BaseConnection.php(769): CodeIgniter\Database\MySQLi\Connection->execute('SELECT COUNT(*) as total FROM epi WHERE status = \'disponivel\'')
 3 SYSTEMPATH\Database\BaseConnection.php(686): CodeIgniter\Database\BaseConnection->simpleQuery('SELECT COUNT(*) as total FROM epi WHERE status = \'disponivel\'')
 4 APPPATH\Models\epiModel.php(38): CodeIgniter\Database\BaseConnection->query('SELECT COUNT(*) as total FROM epi WHERE status = \'disponivel\'')
 5 APPPATH\Controllers\Home.php(43): App\Models\epiModel->contarEpisDisponiveis()
 6 SYSTEMPATH\CodeIgniter.php(951): App\Controllers\Home->principal()
 7 SYSTEMPATH\CodeIgniter.php(497): CodeIgniter\CodeIgniter->runController(Object(App\Controllers\Home))
 8 SYSTEMPATH\CodeIgniter.php(340): CodeIgniter\CodeIgniter->handleRequest(null, Object(Config\Cache), false)
 9 SYSTEMPATH\Boot.php(417): CodeIgniter\CodeIgniter->run()
10 SYSTEMPATH\Boot.php(68): CodeIgniter\Boot::runCodeIgniter(Object(CodeIgniter\CodeIgniter))
11 FCPATH\index.php(64): CodeIgniter\Boot::bootWeb(Object(Config\Paths))
CRITICAL - 2026-05-18 23:01:35 --> CodeIgniter\Database\Exceptions\DatabaseException: Table 'epi.epi' doesn't exist
[Method: GET, Route: principal]
in SYSTEMPATH\Database\BaseConnection.php on line 724.
 1 APPPATH\Models\epiModel.php(38): CodeIgniter\Database\BaseConnection->query('SELECT COUNT(*) as total FROM epi WHERE status = \'disponivel\'')
 2 APPPATH\Controllers\Home.php(43): App\Models\epiModel->contarEpisDisponiveis()
 3 SYSTEMPATH\CodeIgniter.php(951): App\Controllers\Home->principal()
 4 SYSTEMPATH\CodeIgniter.php(497): CodeIgniter\CodeIgniter->runController(Object(App\Controllers\Home))
 5 SYSTEMPATH\CodeIgniter.php(340): CodeIgniter\CodeIgniter->handleRequest(null, Object(Config\Cache), false)
 6 SYSTEMPATH\Boot.php(417): CodeIgniter\CodeIgniter->run()
 7 SYSTEMPATH\Boot.php(68): CodeIgniter\Boot::runCodeIgniter(Object(CodeIgniter\CodeIgniter))
 8 FCPATH\index.php(64): CodeIgniter\Boot::bootWeb(Object(Config\Paths))
CRITICAL - 2026-05-18 23:01:35 --> [Caused by] CodeIgniter\Database\Exceptions\DatabaseException: Table 'epi.epi' doesn't exist
in SYSTEMPATH\Database\MySQLi\Connection.php on line 310.
 1 SYSTEMPATH\Database\BaseConnection.php(769): CodeIgniter\Database\MySQLi\Connection->execute('SELECT COUNT(*) as total FROM epi WHERE status = \'disponivel\'')
 2 SYSTEMPATH\Database\BaseConnection.php(686): CodeIgniter\Database\BaseConnection->simpleQuery('SELECT COUNT(*) as total FROM epi WHERE status = \'disponivel\'')
 3 APPPATH\Models\epiModel.php(38): CodeIgniter\Database\BaseConnection->query('SELECT COUNT(*) as total FROM epi WHERE status = \'disponivel\'')
 4 APPPATH\Controllers\Home.php(43): App\Models\epiModel->contarEpisDisponiveis()
 5 SYSTEMPATH\CodeIgniter.php(951): App\Controllers\Home->principal()
 6 SYSTEMPATH\CodeIgniter.php(497): CodeIgniter\CodeIgniter->runController(Object(App\Controllers\Home))
 7 SYSTEMPATH\CodeIgniter.php(340): CodeIgniter\CodeIgniter->handleRequest(null, Object(Config\Cache), false)
 8 SYSTEMPATH\Boot.php(417): CodeIgniter\CodeIgniter->run()
 9 SYSTEMPATH\Boot.php(68): CodeIgniter\Boot::runCodeIgniter(Object(CodeIgniter\CodeIgniter))
10 FCPATH\index.php(64): CodeIgniter\Boot::bootWeb(Object(Config\Paths))
CRITICAL - 2026-05-18 23:01:35 --> [Caused by] mysqli_sql_exception: Table 'epi.epi' doesn't exist
in SYSTEMPATH\Database\MySQLi\Connection.php on line 300.
 1 SYSTEMPATH\Database\MySQLi\Connection.php(300): mysqli->query('SELECT COUNT(*) as total FROM epi WHERE status = \'disponivel\'', 0)
 2 SYSTEMPATH\Database\BaseConnection.php(769): CodeIgniter\Database\MySQLi\Connection->execute('SELECT COUNT(*) as total FROM epi WHERE status = \'disponivel\'')
 3 SYSTEMPATH\Database\BaseConnection.php(686): CodeIgniter\Database\BaseConnection->simpleQuery('SELECT COUNT(*) as total FROM epi WHERE status = \'disponivel\'')
 4 APPPATH\Models\epiModel.php(38): CodeIgniter\Database\BaseConnection->query('SELECT COUNT(*) as total FROM epi WHERE status = \'disponivel\'')
 5 APPPATH\Controllers\Home.php(43): App\Models\epiModel->contarEpisDisponiveis()
 6 SYSTEMPATH\CodeIgniter.php(951): App\Controllers\Home->principal()
 7 SYSTEMPATH\CodeIgniter.php(497): CodeIgniter\CodeIgniter->runController(Object(App\Controllers\Home))
 8 SYSTEMPATH\CodeIgniter.php(340): CodeIgniter\CodeIgniter->handleRequest(null, Object(Config\Cache), false)
 9 SYSTEMPATH\Boot.php(417): CodeIgniter\CodeIgniter->run()
10 SYSTEMPATH\Boot.php(68): CodeIgniter\Boot::runCodeIgniter(Object(CodeIgniter\CodeIgniter))
11 FCPATH\index.php(64): CodeIgniter\Boot::bootWeb(Object(Config\Paths))
ERROR - 2026-05-18 23:01:37 --> Table 'epi.epi' doesn't exist
in SYSTEMPATH\Database\MySQLi\Connection.php on line 300.
 1 SYSTEMPATH\Database\MySQLi\Connection.php(300): mysqli->query('SELECT COUNT(*) as total FROM epi WHERE status = \'disponivel\'', 0)
 2 SYSTEMPATH\Database\BaseConnection.php(769): CodeIgniter\Database\MySQLi\Connection->execute('SELECT COUNT(*) as total FROM epi WHERE status = \'disponivel\'')
 3 SYSTEMPATH\Database\BaseConnection.php(686): CodeIgniter\Database\BaseConnection->simpleQuery('SELECT COUNT(*) as total FROM epi WHERE status = \'disponivel\'')
 4 APPPATH\Models\epiModel.php(38): CodeIgniter\Database\BaseConnection->query('SELECT COUNT(*) as total FROM epi WHERE status = \'disponivel\'')
 5 APPPATH\Controllers\Home.php(43): App\Models\epiModel->contarEpisDisponiveis()
 6 SYSTEMPATH\CodeIgniter.php(951): App\Controllers\Home->principal()
 7 SYSTEMPATH\CodeIgniter.php(497): CodeIgniter\CodeIgniter->runController(Object(App\Controllers\Home))
 8 SYSTEMPATH\CodeIgniter.php(340): CodeIgniter\CodeIgniter->handleRequest(null, Object(Config\Cache), false)
 9 SYSTEMPATH\Boot.php(417): CodeIgniter\CodeIgniter->run()
10 SYSTEMPATH\Boot.php(68): CodeIgniter\Boot::runCodeIgniter(Object(CodeIgniter\CodeIgniter))
11 FCPATH\index.php(64): CodeIgniter\Boot::bootWeb(Object(Config\Paths))
CRITICAL - 2026-05-18 23:01:37 --> CodeIgniter\Database\Exceptions\DatabaseException: Table 'epi.epi' doesn't exist
[Method: GET, Route: principal]
in SYSTEMPATH\Database\BaseConnection.php on line 724.
 1 APPPATH\Models\epiModel.php(38): CodeIgniter\Database\BaseConnection->query('SELECT COUNT(*) as total FROM epi WHERE status = \'disponivel\'')
 2 APPPATH\Controllers\Home.php(43): App\Models\epiModel->contarEpisDisponiveis()
 3 SYSTEMPATH\CodeIgniter.php(951): App\Controllers\Home->principal()
 4 SYSTEMPATH\CodeIgniter.php(497): CodeIgniter\CodeIgniter->runController(Object(App\Controllers\Home))
 5 SYSTEMPATH\CodeIgniter.php(340): CodeIgniter\CodeIgniter->handleRequest(null, Object(Config\Cache), false)
 6 SYSTEMPATH\Boot.php(417): CodeIgniter\CodeIgniter->run()
 7 SYSTEMPATH\Boot.php(68): CodeIgniter\Boot::runCodeIgniter(Object(CodeIgniter\CodeIgniter))
 8 FCPATH\index.php(64): CodeIgniter\Boot::bootWeb(Object(Config\Paths))
CRITICAL - 2026-05-18 23:01:37 --> [Caused by] CodeIgniter\Database\Exceptions\DatabaseException: Table 'epi.epi' doesn't exist
in SYSTEMPATH\Database\MySQLi\Connection.php on line 310.
 1 SYSTEMPATH\Database\BaseConnection.php(769): CodeIgniter\Database\MySQLi\Connection->execute('SELECT COUNT(*) as total FROM epi WHERE status = \'disponivel\'')
 2 SYSTEMPATH\Database\BaseConnection.php(686): CodeIgniter\Database\BaseConnection->simpleQuery('SELECT COUNT(*) as total FROM epi WHERE status = \'disponivel\'')
 3 APPPATH\Models\epiModel.php(38): CodeIgniter\Database\BaseConnection->query('SELECT COUNT(*) as total FROM epi WHERE status = \'disponivel\'')
 4 APPPATH\Controllers\Home.php(43): App\Models\epiModel->contarEpisDisponiveis()
 5 SYSTEMPATH\CodeIgniter.php(951): App\Controllers\Home->principal()
 6 SYSTEMPATH\CodeIgniter.php(497): CodeIgniter\CodeIgniter->runController(Object(App\Controllers\Home))
 7 SYSTEMPATH\CodeIgniter.php(340): CodeIgniter\CodeIgniter->handleRequest(null, Object(Config\Cache), false)
 8 SYSTEMPATH\Boot.php(417): CodeIgniter\CodeIgniter->run()
 9 SYSTEMPATH\Boot.php(68): CodeIgniter\Boot::runCodeIgniter(Object(CodeIgniter\CodeIgniter))
10 FCPATH\index.php(64): CodeIgniter\Boot::bootWeb(Object(Config\Paths))
CRITICAL - 2026-05-18 23:01:37 --> [Caused by] mysqli_sql_exception: Table 'epi.epi' doesn't exist
in SYSTEMPATH\Database\MySQLi\Connection.php on line 300.
 1 SYSTEMPATH\Database\MySQLi\Connection.php(300): mysqli->query('SELECT COUNT(*) as total FROM epi WHERE status = \'disponivel\'', 0)
 2 SYSTEMPATH\Database\BaseConnection.php(769): CodeIgniter\Database\MySQLi\Connection->execute('SELECT COUNT(*) as total FROM epi WHERE status = \'disponivel\'')
 3 SYSTEMPATH\Database\BaseConnection.php(686): CodeIgniter\Database\BaseConnection->simpleQuery('SELECT COUNT(*) as total FROM epi WHERE status = \'disponivel\'')
 4 APPPATH\Models\epiModel.php(38): CodeIgniter\Database\BaseConnection->query('SELECT COUNT(*) as total FROM epi WHERE status = \'disponivel\'')
 5 APPPATH\Controllers\Home.php(43): App\Models\epiModel->contarEpisDisponiveis()
 6 SYSTEMPATH\CodeIgniter.php(951): App\Controllers\Home->principal()
 7 SYSTEMPATH\CodeIgniter.php(497): CodeIgniter\CodeIgniter->runController(Object(App\Controllers\Home))
 8 SYSTEMPATH\CodeIgniter.php(340): CodeIgniter\CodeIgniter->handleRequest(null, Object(Config\Cache), false)
 9 SYSTEMPATH\Boot.php(417): CodeIgniter\CodeIgniter->run()
10 SYSTEMPATH\Boot.php(68): CodeIgniter\Boot::runCodeIgniter(Object(CodeIgniter\CodeIgniter))
11 FCPATH\index.php(64): CodeIgniter\Boot::bootWeb(Object(Config\Paths))
CRITICAL - 2026-05-18 23:26:55 --> ParseError: Unclosed '{' on line 9
[Method: GET, Route: principal]
in APPPATH\Models\epiModel.php on line 103.
 1 SYSTEMPATH\Autoloader\Autoloader.php(295): CodeIgniter\Autoloader\Autoloader->includeFile('C:\\xampp\\htdocs\\ProtecEPI\\app\\Models\\epiModel.php')
 2 SYSTEMPATH\Autoloader\Autoloader.php(271): CodeIgniter\Autoloader\Autoloader->loadInNamespace('App\\Models\\epiModel')
 3 APPPATH\Controllers\Home.php(40): CodeIgniter\Autoloader\Autoloader->loadClass('App\\Models\\epiModel')
 4 SYSTEMPATH\CodeIgniter.php(951): App\Controllers\Home->principal()
 5 SYSTEMPATH\CodeIgniter.php(497): CodeIgniter\CodeIgniter->runController(Object(App\Controllers\Home))
 6 SYSTEMPATH\CodeIgniter.php(340): CodeIgniter\CodeIgniter->handleRequest(null, Object(Config\Cache), false)
 7 SYSTEMPATH\Boot.php(417): CodeIgniter\CodeIgniter->run()
 8 SYSTEMPATH\Boot.php(68): CodeIgniter\Boot::runCodeIgniter(Object(CodeIgniter\CodeIgniter))
 9 FCPATH\index.php(64): CodeIgniter\Boot::bootWeb(Object(Config\Paths))
ERROR - 2026-05-18 23:27:13 --> Table 'epi.epi' doesn't exist
in SYSTEMPATH\Database\MySQLi\Connection.php on line 300.
 1 SYSTEMPATH\Database\MySQLi\Connection.php(300): mysqli->query('SELECT COUNT(*) as total FROM epi WHERE status = \'disponivel\'', 0)
 2 SYSTEMPATH\Database\BaseConnection.php(769): CodeIgniter\Database\MySQLi\Connection->execute('SELECT COUNT(*) as total FROM epi WHERE status = \'disponivel\'')
 3 SYSTEMPATH\Database\BaseConnection.php(686): CodeIgniter\Database\BaseConnection->simpleQuery('SELECT COUNT(*) as total FROM epi WHERE status = \'disponivel\'')
 4 APPPATH\Models\epiModel.php(38): CodeIgniter\Database\BaseConnection->query('SELECT COUNT(*) as total FROM epi WHERE status = \'disponivel\'')
 5 APPPATH\Controllers\Home.php(43): App\Models\epiModel->contarEpisDisponiveis()
 6 SYSTEMPATH\CodeIgniter.php(951): App\Controllers\Home->principal()
 7 SYSTEMPATH\CodeIgniter.php(497): CodeIgniter\CodeIgniter->runController(Object(App\Controllers\Home))
 8 SYSTEMPATH\CodeIgniter.php(340): CodeIgniter\CodeIgniter->handleRequest(null, Object(Config\Cache), false)
 9 SYSTEMPATH\Boot.php(417): CodeIgniter\CodeIgniter->run()
10 SYSTEMPATH\Boot.php(68): CodeIgniter\Boot::runCodeIgniter(Object(CodeIgniter\CodeIgniter))
11 FCPATH\index.php(64): CodeIgniter\Boot::bootWeb(Object(Config\Paths))
CRITICAL - 2026-05-18 23:27:13 --> CodeIgniter\Database\Exceptions\DatabaseException: Table 'epi.epi' doesn't exist
[Method: GET, Route: principal]
in SYSTEMPATH\Database\BaseConnection.php on line 724.
 1 APPPATH\Models\epiModel.php(38): CodeIgniter\Database\BaseConnection->query('SELECT COUNT(*) as total FROM epi WHERE status = \'disponivel\'')
 2 APPPATH\Controllers\Home.php(43): App\Models\epiModel->contarEpisDisponiveis()
 3 SYSTEMPATH\CodeIgniter.php(951): App\Controllers\Home->principal()
 4 SYSTEMPATH\CodeIgniter.php(497): CodeIgniter\CodeIgniter->runController(Object(App\Controllers\Home))
 5 SYSTEMPATH\CodeIgniter.php(340): CodeIgniter\CodeIgniter->handleRequest(null, Object(Config\Cache), false)
 6 SYSTEMPATH\Boot.php(417): CodeIgniter\CodeIgniter->run()
 7 SYSTEMPATH\Boot.php(68): CodeIgniter\Boot::runCodeIgniter(Object(CodeIgniter\CodeIgniter))
 8 FCPATH\index.php(64): CodeIgniter\Boot::bootWeb(Object(Config\Paths))
CRITICAL - 2026-05-18 23:27:13 --> [Caused by] CodeIgniter\Database\Exceptions\DatabaseException: Table 'epi.epi' doesn't exist
in SYSTEMPATH\Database\MySQLi\Connection.php on line 310.
 1 SYSTEMPATH\Database\BaseConnection.php(769): CodeIgniter\Database\MySQLi\Connection->execute('SELECT COUNT(*) as total FROM epi WHERE status = \'disponivel\'')
 2 SYSTEMPATH\Database\BaseConnection.php(686): CodeIgniter\Database\BaseConnection->simpleQuery('SELECT COUNT(*) as total FROM epi WHERE status = \'disponivel\'')
 3 APPPATH\Models\epiModel.php(38): CodeIgniter\Database\BaseConnection->query('SELECT COUNT(*) as total FROM epi WHERE status = \'disponivel\'')
 4 APPPATH\Controllers\Home.php(43): App\Models\epiModel->contarEpisDisponiveis()
 5 SYSTEMPATH\CodeIgniter.php(951): App\Controllers\Home->principal()
 6 SYSTEMPATH\CodeIgniter.php(497): CodeIgniter\CodeIgniter->runController(Object(App\Controllers\Home))
 7 SYSTEMPATH\CodeIgniter.php(340): CodeIgniter\CodeIgniter->handleRequest(null, Object(Config\Cache), false)
 8 SYSTEMPATH\Boot.php(417): CodeIgniter\CodeIgniter->run()
 9 SYSTEMPATH\Boot.php(68): CodeIgniter\Boot::runCodeIgniter(Object(CodeIgniter\CodeIgniter))
10 FCPATH\index.php(64): CodeIgniter\Boot::bootWeb(Object(Config\Paths))
CRITICAL - 2026-05-18 23:27:13 --> [Caused by] mysqli_sql_exception: Table 'epi.epi' doesn't exist
in SYSTEMPATH\Database\MySQLi\Connection.php on line 300.
 1 SYSTEMPATH\Database\MySQLi\Connection.php(300): mysqli->query('SELECT COUNT(*) as total FROM epi WHERE status = \'disponivel\'', 0)
 2 SYSTEMPATH\Database\BaseConnection.php(769): CodeIgniter\Database\MySQLi\Connection->execute('SELECT COUNT(*) as total FROM epi WHERE status = \'disponivel\'')
 3 SYSTEMPATH\Database\BaseConnection.php(686): CodeIgniter\Database\BaseConnection->simpleQuery('SELECT COUNT(*) as total FROM epi WHERE status = \'disponivel\'')
 4 APPPATH\Models\epiModel.php(38): CodeIgniter\Database\BaseConnection->query('SELECT COUNT(*) as total FROM epi WHERE status = \'disponivel\'')
 5 APPPATH\Controllers\Home.php(43): App\Models\epiModel->contarEpisDisponiveis()
 6 SYSTEMPATH\CodeIgniter.php(951): App\Controllers\Home->principal()
 7 SYSTEMPATH\CodeIgniter.php(497): CodeIgniter\CodeIgniter->runController(Object(App\Controllers\Home))
 8 SYSTEMPATH\CodeIgniter.php(340): CodeIgniter\CodeIgniter->handleRequest(null, Object(Config\Cache), false)
 9 SYSTEMPATH\Boot.php(417): CodeIgniter\CodeIgniter->run()
10 SYSTEMPATH\Boot.php(68): CodeIgniter\Boot::runCodeIgniter(Object(CodeIgniter\CodeIgniter))
11 FCPATH\index.php(64): CodeIgniter\Boot::bootWeb(Object(Config\Paths))
ERROR - 2026-05-18 23:28:08 --> Table 'epi.epi' doesn't exist
in SYSTEMPATH\Database\MySQLi\Connection.php on line 300.
 1 SYSTEMPATH\Database\MySQLi\Connection.php(300): mysqli->query('SELECT COUNT(*) as total FROM epi WHERE status = \'disponivel\'', 0)
 2 SYSTEMPATH\Database\BaseConnection.php(769): CodeIgniter\Database\MySQLi\Connection->execute('SELECT COUNT(*) as total FROM epi WHERE status = \'disponivel\'')
 3 SYSTEMPATH\Database\BaseConnection.php(686): CodeIgniter\Database\BaseConnection->simpleQuery('SELECT COUNT(*) as total FROM epi WHERE status = \'disponivel\'')
 4 APPPATH\Models\epiModel.php(38): CodeIgniter\Database\BaseConnection->query('SELECT COUNT(*) as total FROM epi WHERE status = \'disponivel\'')
 5 APPPATH\Controllers\Home.php(43): App\Models\epiModel->contarEpisDisponiveis()
 6 SYSTEMPATH\CodeIgniter.php(951): App\Controllers\Home->principal()
 7 SYSTEMPATH\CodeIgniter.php(497): CodeIgniter\CodeIgniter->runController(Object(App\Controllers\Home))
 8 SYSTEMPATH\CodeIgniter.php(340): CodeIgniter\CodeIgniter->handleRequest(null, Object(Config\Cache), false)
 9 SYSTEMPATH\Boot.php(417): CodeIgniter\CodeIgniter->run()
10 SYSTEMPATH\Boot.php(68): CodeIgniter\Boot::runCodeIgniter(Object(CodeIgniter\CodeIgniter))
11 FCPATH\index.php(64): CodeIgniter\Boot::bootWeb(Object(Config\Paths))
CRITICAL - 2026-05-18 23:28:08 --> CodeIgniter\Database\Exceptions\DatabaseException: Table 'epi.epi' doesn't exist
[Method: GET, Route: principal]
in SYSTEMPATH\Database\BaseConnection.php on line 724.
 1 APPPATH\Models\epiModel.php(38): CodeIgniter\Database\BaseConnection->query('SELECT COUNT(*) as total FROM epi WHERE status = \'disponivel\'')
 2 APPPATH\Controllers\Home.php(43): App\Models\epiModel->contarEpisDisponiveis()
 3 SYSTEMPATH\CodeIgniter.php(951): App\Controllers\Home->principal()
 4 SYSTEMPATH\CodeIgniter.php(497): CodeIgniter\CodeIgniter->runController(Object(App\Controllers\Home))
 5 SYSTEMPATH\CodeIgniter.php(340): CodeIgniter\CodeIgniter->handleRequest(null, Object(Config\Cache), false)
 6 SYSTEMPATH\Boot.php(417): CodeIgniter\CodeIgniter->run()
 7 SYSTEMPATH\Boot.php(68): CodeIgniter\Boot::runCodeIgniter(Object(CodeIgniter\CodeIgniter))
 8 FCPATH\index.php(64): CodeIgniter\Boot::bootWeb(Object(Config\Paths))
CRITICAL - 2026-05-18 23:28:08 --> [Caused by] CodeIgniter\Database\Exceptions\DatabaseException: Table 'epi.epi' doesn't exist
in SYSTEMPATH\Database\MySQLi\Connection.php on line 310.
 1 SYSTEMPATH\Database\BaseConnection.php(769): CodeIgniter\Database\MySQLi\Connection->execute('SELECT COUNT(*) as total FROM epi WHERE status = \'disponivel\'')
 2 SYSTEMPATH\Database\BaseConnection.php(686): CodeIgniter\Database\BaseConnection->simpleQuery('SELECT COUNT(*) as total FROM epi WHERE status = \'disponivel\'')
 3 APPPATH\Models\epiModel.php(38): CodeIgniter\Database\BaseConnection->query('SELECT COUNT(*) as total FROM epi WHERE status = \'disponivel\'')
 4 APPPATH\Controllers\Home.php(43): App\Models\epiModel->contarEpisDisponiveis()
 5 SYSTEMPATH\CodeIgniter.php(951): App\Controllers\Home->principal()
 6 SYSTEMPATH\CodeIgniter.php(497): CodeIgniter\CodeIgniter->runController(Object(App\Controllers\Home))
 7 SYSTEMPATH\CodeIgniter.php(340): CodeIgniter\CodeIgniter->handleRequest(null, Object(Config\Cache), false)
 8 SYSTEMPATH\Boot.php(417): CodeIgniter\CodeIgniter->run()
 9 SYSTEMPATH\Boot.php(68): CodeIgniter\Boot::runCodeIgniter(Object(CodeIgniter\CodeIgniter))
10 FCPATH\index.php(64): CodeIgniter\Boot::bootWeb(Object(Config\Paths))
CRITICAL - 2026-05-18 23:28:08 --> [Caused by] mysqli_sql_exception: Table 'epi.epi' doesn't exist
in SYSTEMPATH\Database\MySQLi\Connection.php on line 300.
 1 SYSTEMPATH\Database\MySQLi\Connection.php(300): mysqli->query('SELECT COUNT(*) as total FROM epi WHERE status = \'disponivel\'', 0)
 2 SYSTEMPATH\Database\BaseConnection.php(769): CodeIgniter\Database\MySQLi\Connection->execute('SELECT COUNT(*) as total FROM epi WHERE status = \'disponivel\'')
 3 SYSTEMPATH\Database\BaseConnection.php(686): CodeIgniter\Database\BaseConnection->simpleQuery('SELECT COUNT(*) as total FROM epi WHERE status = \'disponivel\'')
 4 APPPATH\Models\epiModel.php(38): CodeIgniter\Database\BaseConnection->query('SELECT COUNT(*) as total FROM epi WHERE status = \'disponivel\'')
 5 APPPATH\Controllers\Home.php(43): App\Models\epiModel->contarEpisDisponiveis()
 6 SYSTEMPATH\CodeIgniter.php(951): App\Controllers\Home->principal()
 7 SYSTEMPATH\CodeIgniter.php(497): CodeIgniter\CodeIgniter->runController(Object(App\Controllers\Home))
 8 SYSTEMPATH\CodeIgniter.php(340): CodeIgniter\CodeIgniter->handleRequest(null, Object(Config\Cache), false)
 9 SYSTEMPATH\Boot.php(417): CodeIgniter\CodeIgniter->run()
10 SYSTEMPATH\Boot.php(68): CodeIgniter\Boot::runCodeIgniter(Object(CodeIgniter\CodeIgniter))
11 FCPATH\index.php(64): CodeIgniter\Boot::bootWeb(Object(Config\Paths))
ERROR - 2026-05-18 23:28:10 --> Table 'epi.epi' doesn't exist
in SYSTEMPATH\Database\MySQLi\Connection.php on line 300.
 1 SYSTEMPATH\Database\MySQLi\Connection.php(300): mysqli->query('SELECT COUNT(*) as total FROM epi WHERE status = \'disponivel\'', 0)
 2 SYSTEMPATH\Database\BaseConnection.php(769): CodeIgniter\Database\MySQLi\Connection->execute('SELECT COUNT(*) as total FROM epi WHERE status = \'disponivel\'')
 3 SYSTEMPATH\Database\BaseConnection.php(686): CodeIgniter\Database\BaseConnection->simpleQuery('SELECT COUNT(*) as total FROM epi WHERE status = \'disponivel\'')
 4 APPPATH\Models\epiModel.php(38): CodeIgniter\Database\BaseConnection->query('SELECT COUNT(*) as total FROM epi WHERE status = \'disponivel\'')
 5 APPPATH\Controllers\Home.php(43): App\Models\epiModel->contarEpisDisponiveis()
 6 SYSTEMPATH\CodeIgniter.php(951): App\Controllers\Home->principal()
 7 SYSTEMPATH\CodeIgniter.php(497): CodeIgniter\CodeIgniter->runController(Object(App\Controllers\Home))
 8 SYSTEMPATH\CodeIgniter.php(340): CodeIgniter\CodeIgniter->handleRequest(null, Object(Config\Cache), false)
 9 SYSTEMPATH\Boot.php(417): CodeIgniter\CodeIgniter->run()
10 SYSTEMPATH\Boot.php(68): CodeIgniter\Boot::runCodeIgniter(Object(CodeIgniter\CodeIgniter))
11 FCPATH\index.php(64): CodeIgniter\Boot::bootWeb(Object(Config\Paths))
CRITICAL - 2026-05-18 23:28:10 --> CodeIgniter\Database\Exceptions\DatabaseException: Table 'epi.epi' doesn't exist
[Method: GET, Route: principal]
in SYSTEMPATH\Database\BaseConnection.php on line 724.
 1 APPPATH\Models\epiModel.php(38): CodeIgniter\Database\BaseConnection->query('SELECT COUNT(*) as total FROM epi WHERE status = \'disponivel\'')
 2 APPPATH\Controllers\Home.php(43): App\Models\epiModel->contarEpisDisponiveis()
 3 SYSTEMPATH\CodeIgniter.php(951): App\Controllers\Home->principal()
 4 SYSTEMPATH\CodeIgniter.php(497): CodeIgniter\CodeIgniter->runController(Object(App\Controllers\Home))
 5 SYSTEMPATH\CodeIgniter.php(340): CodeIgniter\CodeIgniter->handleRequest(null, Object(Config\Cache), false)
 6 SYSTEMPATH\Boot.php(417): CodeIgniter\CodeIgniter->run()
 7 SYSTEMPATH\Boot.php(68): CodeIgniter\Boot::runCodeIgniter(Object(CodeIgniter\CodeIgniter))
 8 FCPATH\index.php(64): CodeIgniter\Boot::bootWeb(Object(Config\Paths))
CRITICAL - 2026-05-18 23:28:10 --> [Caused by] CodeIgniter\Database\Exceptions\DatabaseException: Table 'epi.epi' doesn't exist
in SYSTEMPATH\Database\MySQLi\Connection.php on line 310.
 1 SYSTEMPATH\Database\BaseConnection.php(769): CodeIgniter\Database\MySQLi\Connection->execute('SELECT COUNT(*) as total FROM epi WHERE status = \'disponivel\'')
 2 SYSTEMPATH\Database\BaseConnection.php(686): CodeIgniter\Database\BaseConnection->simpleQuery('SELECT COUNT(*) as total FROM epi WHERE status = \'disponivel\'')
 3 APPPATH\Models\epiModel.php(38): CodeIgniter\Database\BaseConnection->query('SELECT COUNT(*) as total FROM epi WHERE status = \'disponivel\'')
 4 APPPATH\Controllers\Home.php(43): App\Models\epiModel->contarEpisDisponiveis()
 5 SYSTEMPATH\CodeIgniter.php(951): App\Controllers\Home->principal()
 6 SYSTEMPATH\CodeIgniter.php(497): CodeIgniter\CodeIgniter->runController(Object(App\Controllers\Home))
 7 SYSTEMPATH\CodeIgniter.php(340): CodeIgniter\CodeIgniter->handleRequest(null, Object(Config\Cache), false)
 8 SYSTEMPATH\Boot.php(417): CodeIgniter\CodeIgniter->run()
 9 SYSTEMPATH\Boot.php(68): CodeIgniter\Boot::runCodeIgniter(Object(CodeIgniter\CodeIgniter))
10 FCPATH\index.php(64): CodeIgniter\Boot::bootWeb(Object(Config\Paths))
CRITICAL - 2026-05-18 23:28:10 --> [Caused by] mysqli_sql_exception: Table 'epi.epi' doesn't exist
in SYSTEMPATH\Database\MySQLi\Connection.php on line 300.
 1 SYSTEMPATH\Database\MySQLi\Connection.php(300): mysqli->query('SELECT COUNT(*) as total FROM epi WHERE status = \'disponivel\'', 0)
 2 SYSTEMPATH\Database\BaseConnection.php(769): CodeIgniter\Database\MySQLi\Connection->execute('SELECT COUNT(*) as total FROM epi WHERE status = \'disponivel\'')
 3 SYSTEMPATH\Database\BaseConnection.php(686): CodeIgniter\Database\BaseConnection->simpleQuery('SELECT COUNT(*) as total FROM epi WHERE status = \'disponivel\'')
 4 APPPATH\Models\epiModel.php(38): CodeIgniter\Database\BaseConnection->query('SELECT COUNT(*) as total FROM epi WHERE status = \'disponivel\'')
 5 APPPATH\Controllers\Home.php(43): App\Models\epiModel->contarEpisDisponiveis()
 6 SYSTEMPATH\CodeIgniter.php(951): App\Controllers\Home->principal()
 7 SYSTEMPATH\CodeIgniter.php(497): CodeIgniter\CodeIgniter->runController(Object(App\Controllers\Home))
 8 SYSTEMPATH\CodeIgniter.php(340): CodeIgniter\CodeIgniter->handleRequest(null, Object(Config\Cache), false)
 9 SYSTEMPATH\Boot.php(417): CodeIgniter\CodeIgniter->run()
10 SYSTEMPATH\Boot.php(68): CodeIgniter\Boot::runCodeIgniter(Object(CodeIgniter\CodeIgniter))
11 FCPATH\index.php(64): CodeIgniter\Boot::bootWeb(Object(Config\Paths))
ERROR - 2026-05-18 23:28:11 --> Table 'epi.epi' doesn't exist
in SYSTEMPATH\Database\MySQLi\Connection.php on line 300.
 1 SYSTEMPATH\Database\MySQLi\Connection.php(300): mysqli->query('SELECT COUNT(*) as total FROM epi WHERE status = \'disponivel\'', 0)
 2 SYSTEMPATH\Database\BaseConnection.php(769): CodeIgniter\Database\MySQLi\Connection->execute('SELECT COUNT(*) as total FROM epi WHERE status = \'disponivel\'')
 3 SYSTEMPATH\Database\BaseConnection.php(686): CodeIgniter\Database\BaseConnection->simpleQuery('SELECT COUNT(*) as total FROM epi WHERE status = \'disponivel\'')
 4 APPPATH\Models\epiModel.php(38): CodeIgniter\Database\BaseConnection->query('SELECT COUNT(*) as total FROM epi WHERE status = \'disponivel\'')
 5 APPPATH\Controllers\Home.php(43): App\Models\epiModel->contarEpisDisponiveis()
 6 SYSTEMPATH\CodeIgniter.php(951): App\Controllers\Home->principal()
 7 SYSTEMPATH\CodeIgniter.php(497): CodeIgniter\CodeIgniter->runController(Object(App\Controllers\Home))
 8 SYSTEMPATH\CodeIgniter.php(340): CodeIgniter\CodeIgniter->handleRequest(null, Object(Config\Cache), false)
 9 SYSTEMPATH\Boot.php(417): CodeIgniter\CodeIgniter->run()
10 SYSTEMPATH\Boot.php(68): CodeIgniter\Boot::runCodeIgniter(Object(CodeIgniter\CodeIgniter))
11 FCPATH\index.php(64): CodeIgniter\Boot::bootWeb(Object(Config\Paths))
CRITICAL - 2026-05-18 23:28:11 --> CodeIgniter\Database\Exceptions\DatabaseException: Table 'epi.epi' doesn't exist
[Method: GET, Route: principal]
in SYSTEMPATH\Database\BaseConnection.php on line 724.
 1 APPPATH\Models\epiModel.php(38): CodeIgniter\Database\BaseConnection->query('SELECT COUNT(*) as total FROM epi WHERE status = \'disponivel\'')
 2 APPPATH\Controllers\Home.php(43): App\Models\epiModel->contarEpisDisponiveis()
 3 SYSTEMPATH\CodeIgniter.php(951): App\Controllers\Home->principal()
 4 SYSTEMPATH\CodeIgniter.php(497): CodeIgniter\CodeIgniter->runController(Object(App\Controllers\Home))
 5 SYSTEMPATH\CodeIgniter.php(340): CodeIgniter\CodeIgniter->handleRequest(null, Object(Config\Cache), false)
 6 SYSTEMPATH\Boot.php(417): CodeIgniter\CodeIgniter->run()
 7 SYSTEMPATH\Boot.php(68): CodeIgniter\Boot::runCodeIgniter(Object(CodeIgniter\CodeIgniter))
 8 FCPATH\index.php(64): CodeIgniter\Boot::bootWeb(Object(Config\Paths))
CRITICAL - 2026-05-18 23:28:11 --> [Caused by] CodeIgniter\Database\Exceptions\DatabaseException: Table 'epi.epi' doesn't exist
in SYSTEMPATH\Database\MySQLi\Connection.php on line 310.
 1 SYSTEMPATH\Database\BaseConnection.php(769): CodeIgniter\Database\MySQLi\Connection->execute('SELECT COUNT(*) as total FROM epi WHERE status = \'disponivel\'')
 2 SYSTEMPATH\Database\BaseConnection.php(686): CodeIgniter\Database\BaseConnection->simpleQuery('SELECT COUNT(*) as total FROM epi WHERE status = \'disponivel\'')
 3 APPPATH\Models\epiModel.php(38): CodeIgniter\Database\BaseConnection->query('SELECT COUNT(*) as total FROM epi WHERE status = \'disponivel\'')
 4 APPPATH\Controllers\Home.php(43): App\Models\epiModel->contarEpisDisponiveis()
 5 SYSTEMPATH\CodeIgniter.php(951): App\Controllers\Home->principal()
 6 SYSTEMPATH\CodeIgniter.php(497): CodeIgniter\CodeIgniter->runController(Object(App\Controllers\Home))
 7 SYSTEMPATH\CodeIgniter.php(340): CodeIgniter\CodeIgniter->handleRequest(null, Object(Config\Cache), false)
 8 SYSTEMPATH\Boot.php(417): CodeIgniter\CodeIgniter->run()
 9 SYSTEMPATH\Boot.php(68): CodeIgniter\Boot::runCodeIgniter(Object(CodeIgniter\CodeIgniter))
10 FCPATH\index.php(64): CodeIgniter\Boot::bootWeb(Object(Config\Paths))
CRITICAL - 2026-05-18 23:28:11 --> [Caused by] mysqli_sql_exception: Table 'epi.epi' doesn't exist
in SYSTEMPATH\Database\MySQLi\Connection.php on line 300.
 1 SYSTEMPATH\Database\MySQLi\Connection.php(300): mysqli->query('SELECT COUNT(*) as total FROM epi WHERE status = \'disponivel\'', 0)
 2 SYSTEMPATH\Database\BaseConnection.php(769): CodeIgniter\Database\MySQLi\Connection->execute('SELECT COUNT(*) as total FROM epi WHERE status = \'disponivel\'')
 3 SYSTEMPATH\Database\BaseConnection.php(686): CodeIgniter\Database\BaseConnection->simpleQuery('SELECT COUNT(*) as total FROM epi WHERE status = \'disponivel\'')
 4 APPPATH\Models\epiModel.php(38): CodeIgniter\Database\BaseConnection->query('SELECT COUNT(*) as total FROM epi WHERE status = \'disponivel\'')
 5 APPPATH\Controllers\Home.php(43): App\Models\epiModel->contarEpisDisponiveis()
 6 SYSTEMPATH\CodeIgniter.php(951): App\Controllers\Home->principal()
 7 SYSTEMPATH\CodeIgniter.php(497): CodeIgniter\CodeIgniter->runController(Object(App\Controllers\Home))
 8 SYSTEMPATH\CodeIgniter.php(340): CodeIgniter\CodeIgniter->handleRequest(null, Object(Config\Cache), false)
 9 SYSTEMPATH\Boot.php(417): CodeIgniter\CodeIgniter->run()
10 SYSTEMPATH\Boot.php(68): CodeIgniter\Boot::runCodeIgniter(Object(CodeIgniter\CodeIgniter))
11 FCPATH\index.php(64): CodeIgniter\Boot::bootWeb(Object(Config\Paths))
ERROR - 2026-05-18 23:28:11 --> Table 'epi.epi' doesn't exist
in SYSTEMPATH\Database\MySQLi\Connection.php on line 300.
 1 SYSTEMPATH\Database\MySQLi\Connection.php(300): mysqli->query('SELECT COUNT(*) as total FROM epi WHERE status = \'disponivel\'', 0)
 2 SYSTEMPATH\Database\BaseConnection.php(769): CodeIgniter\Database\MySQLi\Connection->execute('SELECT COUNT(*) as total FROM epi WHERE status = \'disponivel\'')
 3 SYSTEMPATH\Database\BaseConnection.php(686): CodeIgniter\Database\BaseConnection->simpleQuery('SELECT COUNT(*) as total FROM epi WHERE status = \'disponivel\'')
 4 APPPATH\Models\epiModel.php(38): CodeIgniter\Database\BaseConnection->query('SELECT COUNT(*) as total FROM epi WHERE status = \'disponivel\'')
 5 APPPATH\Controllers\Home.php(43): App\Models\epiModel->contarEpisDisponiveis()
 6 SYSTEMPATH\CodeIgniter.php(951): App\Controllers\Home->principal()
 7 SYSTEMPATH\CodeIgniter.php(497): CodeIgniter\CodeIgniter->runController(Object(App\Controllers\Home))
 8 SYSTEMPATH\CodeIgniter.php(340): CodeIgniter\CodeIgniter->handleRequest(null, Object(Config\Cache), false)
 9 SYSTEMPATH\Boot.php(417): CodeIgniter\CodeIgniter->run()
10 SYSTEMPATH\Boot.php(68): CodeIgniter\Boot::runCodeIgniter(Object(CodeIgniter\CodeIgniter))
11 FCPATH\index.php(64): CodeIgniter\Boot::bootWeb(Object(Config\Paths))
CRITICAL - 2026-05-18 23:28:11 --> CodeIgniter\Database\Exceptions\DatabaseException: Table 'epi.epi' doesn't exist
[Method: GET, Route: principal]
in SYSTEMPATH\Database\BaseConnection.php on line 724.
 1 APPPATH\Models\epiModel.php(38): CodeIgniter\Database\BaseConnection->query('SELECT COUNT(*) as total FROM epi WHERE status = \'disponivel\'')
 2 APPPATH\Controllers\Home.php(43): App\Models\epiModel->contarEpisDisponiveis()
 3 SYSTEMPATH\CodeIgniter.php(951): App\Controllers\Home->principal()
 4 SYSTEMPATH\CodeIgniter.php(497): CodeIgniter\CodeIgniter->runController(Object(App\Controllers\Home))
 5 SYSTEMPATH\CodeIgniter.php(340): CodeIgniter\CodeIgniter->handleRequest(null, Object(Config\Cache), false)
 6 SYSTEMPATH\Boot.php(417): CodeIgniter\CodeIgniter->run()
 7 SYSTEMPATH\Boot.php(68): CodeIgniter\Boot::runCodeIgniter(Object(CodeIgniter\CodeIgniter))
 8 FCPATH\index.php(64): CodeIgniter\Boot::bootWeb(Object(Config\Paths))
CRITICAL - 2026-05-18 23:28:11 --> [Caused by] CodeIgniter\Database\Exceptions\DatabaseException: Table 'epi.epi' doesn't exist
in SYSTEMPATH\Database\MySQLi\Connection.php on line 310.
 1 SYSTEMPATH\Database\BaseConnection.php(769): CodeIgniter\Database\MySQLi\Connection->execute('SELECT COUNT(*) as total FROM epi WHERE status = \'disponivel\'')
 2 SYSTEMPATH\Database\BaseConnection.php(686): CodeIgniter\Database\BaseConnection->simpleQuery('SELECT COUNT(*) as total FROM epi WHERE status = \'disponivel\'')
 3 APPPATH\Models\epiModel.php(38): CodeIgniter\Database\BaseConnection->query('SELECT COUNT(*) as total FROM epi WHERE status = \'disponivel\'')
 4 APPPATH\Controllers\Home.php(43): App\Models\epiModel->contarEpisDisponiveis()
 5 SYSTEMPATH\CodeIgniter.php(951): App\Controllers\Home->principal()
 6 SYSTEMPATH\CodeIgniter.php(497): CodeIgniter\CodeIgniter->runController(Object(App\Controllers\Home))
 7 SYSTEMPATH\CodeIgniter.php(340): CodeIgniter\CodeIgniter->handleRequest(null, Object(Config\Cache), false)
 8 SYSTEMPATH\Boot.php(417): CodeIgniter\CodeIgniter->run()
 9 SYSTEMPATH\Boot.php(68): CodeIgniter\Boot::runCodeIgniter(Object(CodeIgniter\CodeIgniter))
10 FCPATH\index.php(64): CodeIgniter\Boot::bootWeb(Object(Config\Paths))
CRITICAL - 2026-05-18 23:28:11 --> [Caused by] mysqli_sql_exception: Table 'epi.epi' doesn't exist
in SYSTEMPATH\Database\MySQLi\Connection.php on line 300.
 1 SYSTEMPATH\Database\MySQLi\Connection.php(300): mysqli->query('SELECT COUNT(*) as total FROM epi WHERE status = \'disponivel\'', 0)
 2 SYSTEMPATH\Database\BaseConnection.php(769): CodeIgniter\Database\MySQLi\Connection->execute('SELECT COUNT(*) as total FROM epi WHERE status = \'disponivel\'')
 3 SYSTEMPATH\Database\BaseConnection.php(686): CodeIgniter\Database\BaseConnection->simpleQuery('SELECT COUNT(*) as total FROM epi WHERE status = \'disponivel\'')
 4 APPPATH\Models\epiModel.php(38): CodeIgniter\Database\BaseConnection->query('SELECT COUNT(*) as total FROM epi WHERE status = \'disponivel\'')
 5 APPPATH\Controllers\Home.php(43): App\Models\epiModel->contarEpisDisponiveis()
 6 SYSTEMPATH\CodeIgniter.php(951): App\Controllers\Home->principal()
 7 SYSTEMPATH\CodeIgniter.php(497): CodeIgniter\CodeIgniter->runController(Object(App\Controllers\Home))
 8 SYSTEMPATH\CodeIgniter.php(340): CodeIgniter\CodeIgniter->handleRequest(null, Object(Config\Cache), false)
 9 SYSTEMPATH\Boot.php(417): CodeIgniter\CodeIgniter->run()
10 SYSTEMPATH\Boot.php(68): CodeIgniter\Boot::runCodeIgniter(Object(CodeIgniter\CodeIgniter))
11 FCPATH\index.php(64): CodeIgniter\Boot::bootWeb(Object(Config\Paths))
CRITICAL - 2026-05-18 23:43:54 --> ParseError: Unclosed '{' on line 9
[Method: GET, Route: principal]
in APPPATH\Models\epiModel.php on line 103.
 1 SYSTEMPATH\Autoloader\Autoloader.php(295): CodeIgniter\Autoloader\Autoloader->includeFile('C:\\xampp\\htdocs\\ProtecEPI\\app\\Models\\epiModel.php')
 2 SYSTEMPATH\Autoloader\Autoloader.php(271): CodeIgniter\Autoloader\Autoloader->loadInNamespace('App\\Models\\epiModel')
 3 APPPATH\Controllers\Home.php(40): CodeIgniter\Autoloader\Autoloader->loadClass('App\\Models\\epiModel')
 4 SYSTEMPATH\CodeIgniter.php(951): App\Controllers\Home->principal()
 5 SYSTEMPATH\CodeIgniter.php(497): CodeIgniter\CodeIgniter->runController(Object(App\Controllers\Home))
 6 SYSTEMPATH\CodeIgniter.php(340): CodeIgniter\CodeIgniter->handleRequest(null, Object(Config\Cache), false)
 7 SYSTEMPATH\Boot.php(417): CodeIgniter\CodeIgniter->run()
 8 SYSTEMPATH\Boot.php(68): CodeIgniter\Boot::runCodeIgniter(Object(CodeIgniter\CodeIgniter))
 9 FCPATH\index.php(64): CodeIgniter\Boot::bootWeb(Object(Config\Paths))
