ERROR - 2026-05-27 00:41:49 --> Table 'epi.epi' doesn't exist
in SYSTEMPATH\Database\MySQLi\Connection.php on line 300.
 1 SYSTEMPATH\Database\MySQLi\Connection.php(300): mysqli->query('SELECT id, nome, descricao, categoria, data_validade, quantidade, status, data_criacao FROM epi', 0)
 2 SYSTEMPATH\Database\BaseConnection.php(769): CodeIgniter\Database\MySQLi\Connection->execute('SELECT id, nome, descricao, categoria, data_validade, quantidade, status, data_criacao FROM epi')
 3 SYSTEMPATH\Database\BaseConnection.php(686): CodeIgniter\Database\BaseConnection->simpleQuery('SELECT id, nome, descricao, categoria, data_validade, quantidade, status, data_criacao FROM epi')
 4 APPPATH\Models\epiModel.php(31): CodeIgniter\Database\BaseConnection->query('SELECT id, nome, descricao, categoria, data_validade, quantidade, status, data_criacao FROM epi')
 5 APPPATH\Controllers\Home.php(51): App\Models\epiModel->buscarTodosepi()
 6 SYSTEMPATH\CodeIgniter.php(951): App\Controllers\Home->listarepi()
 7 SYSTEMPATH\CodeIgniter.php(497): CodeIgniter\CodeIgniter->runController(Object(App\Controllers\Home))
 8 SYSTEMPATH\CodeIgniter.php(340): CodeIgniter\CodeIgniter->handleRequest(null, Object(Config\Cache), false)
 9 SYSTEMPATH\Boot.php(417): CodeIgniter\CodeIgniter->run()
10 SYSTEMPATH\Boot.php(68): CodeIgniter\Boot::runCodeIgniter(Object(CodeIgniter\CodeIgniter))
11 FCPATH\index.php(64): CodeIgniter\Boot::bootWeb(Object(Config\Paths))
CRITICAL - 2026-05-27 00:41:49 --> CodeIgniter\Database\Exceptions\DatabaseException: Table 'epi.epi' doesn't exist
[Method: GET, Route: epi]
in SYSTEMPATH\Database\BaseConnection.php on line 724.
 1 APPPATH\Models\epiModel.php(31): CodeIgniter\Database\BaseConnection->query('SELECT id, nome, descricao, categoria, data_validade, quantidade, status, data_criacao FROM epi')
 2 APPPATH\Controllers\Home.php(51): App\Models\epiModel->buscarTodosepi()
 3 SYSTEMPATH\CodeIgniter.php(951): App\Controllers\Home->listarepi()
 4 SYSTEMPATH\CodeIgniter.php(497): CodeIgniter\CodeIgniter->runController(Object(App\Controllers\Home))
 5 SYSTEMPATH\CodeIgniter.php(340): CodeIgniter\CodeIgniter->handleRequest(null, Object(Config\Cache), false)
 6 SYSTEMPATH\Boot.php(417): CodeIgniter\CodeIgniter->run()
 7 SYSTEMPATH\Boot.php(68): CodeIgniter\Boot::runCodeIgniter(Object(CodeIgniter\CodeIgniter))
 8 FCPATH\index.php(64): CodeIgniter\Boot::bootWeb(Object(Config\Paths))
CRITICAL - 2026-05-27 00:41:49 --> [Caused by] CodeIgniter\Database\Exceptions\DatabaseException: Table 'epi.epi' doesn't exist
in SYSTEMPATH\Database\MySQLi\Connection.php on line 310.
 1 SYSTEMPATH\Database\BaseConnection.php(769): CodeIgniter\Database\MySQLi\Connection->execute('SELECT id, nome, descricao, categoria, data_validade, quantidade, status, data_criacao FROM epi')
 2 SYSTEMPATH\Database\BaseConnection.php(686): CodeIgniter\Database\BaseConnection->simpleQuery('SELECT id, nome, descricao, categoria, data_validade, quantidade, status, data_criacao FROM epi')
 3 APPPATH\Models\epiModel.php(31): CodeIgniter\Database\BaseConnection->query('SELECT id, nome, descricao, categoria, data_validade, quantidade, status, data_criacao FROM epi')
 4 APPPATH\Controllers\Home.php(51): App\Models\epiModel->buscarTodosepi()
 5 SYSTEMPATH\CodeIgniter.php(951): App\Controllers\Home->listarepi()
 6 SYSTEMPATH\CodeIgniter.php(497): CodeIgniter\CodeIgniter->runController(Object(App\Controllers\Home))
 7 SYSTEMPATH\CodeIgniter.php(340): CodeIgniter\CodeIgniter->handleRequest(null, Object(Config\Cache), false)
 8 SYSTEMPATH\Boot.php(417): CodeIgniter\CodeIgniter->run()
 9 SYSTEMPATH\Boot.php(68): CodeIgniter\Boot::runCodeIgniter(Object(CodeIgniter\CodeIgniter))
10 FCPATH\index.php(64): CodeIgniter\Boot::bootWeb(Object(Config\Paths))
CRITICAL - 2026-05-27 00:41:49 --> [Caused by] mysqli_sql_exception: Table 'epi.epi' doesn't exist
in SYSTEMPATH\Database\MySQLi\Connection.php on line 300.
 1 SYSTEMPATH\Database\MySQLi\Connection.php(300): mysqli->query('SELECT id, nome, descricao, categoria, data_validade, quantidade, status, data_criacao FROM epi', 0)
 2 SYSTEMPATH\Database\BaseConnection.php(769): CodeIgniter\Database\MySQLi\Connection->execute('SELECT id, nome, descricao, categoria, data_validade, quantidade, status, data_criacao FROM epi')
 3 SYSTEMPATH\Database\BaseConnection.php(686): CodeIgniter\Database\BaseConnection->simpleQuery('SELECT id, nome, descricao, categoria, data_validade, quantidade, status, data_criacao FROM epi')
 4 APPPATH\Models\epiModel.php(31): CodeIgniter\Database\BaseConnection->query('SELECT id, nome, descricao, categoria, data_validade, quantidade, status, data_criacao FROM epi')
 5 APPPATH\Controllers\Home.php(51): App\Models\epiModel->buscarTodosepi()
 6 SYSTEMPATH\CodeIgniter.php(951): App\Controllers\Home->listarepi()
 7 SYSTEMPATH\CodeIgniter.php(497): CodeIgniter\CodeIgniter->runController(Object(App\Controllers\Home))
 8 SYSTEMPATH\CodeIgniter.php(340): CodeIgniter\CodeIgniter->handleRequest(null, Object(Config\Cache), false)
 9 SYSTEMPATH\Boot.php(417): CodeIgniter\CodeIgniter->run()
10 SYSTEMPATH\Boot.php(68): CodeIgniter\Boot::runCodeIgniter(Object(CodeIgniter\CodeIgniter))
11 FCPATH\index.php(64): CodeIgniter\Boot::bootWeb(Object(Config\Paths))
CRITICAL - 2026-05-27 22:17:42 --> CodeIgniter\View\Exceptions\ViewException: Invalid file: "auto_auth.php"
[Method: GET, Route: home/erro]
in SYSTEMPATH\Exceptions\FrameworkException.php on line 39.
 1 SYSTEMPATH\View\View.php(226): CodeIgniter\Exceptions\FrameworkException::forInvalidFile('auto_auth.php')
 2 SYSTEMPATH\Common.php(1250): CodeIgniter\View\View->render('auto_auth', [], true)
 3 APPPATH\Controllers\Home.php(45): view('auto_auth')
 4 SYSTEMPATH\CodeIgniter.php(951): App\Controllers\Home->erro_auth()
 5 SYSTEMPATH\CodeIgniter.php(497): CodeIgniter\CodeIgniter->runController(Object(App\Controllers\Home))
 6 SYSTEMPATH\CodeIgniter.php(340): CodeIgniter\CodeIgniter->handleRequest(null, Object(Config\Cache), false)
 7 SYSTEMPATH\Boot.php(417): CodeIgniter\CodeIgniter->run()
 8 SYSTEMPATH\Boot.php(68): CodeIgniter\Boot::runCodeIgniter(Object(CodeIgniter\CodeIgniter))
 9 FCPATH\index.php(64): CodeIgniter\Boot::bootWeb(Object(Config\Paths))
CRITICAL - 2026-05-27 22:18:01 --> CodeIgniter\View\Exceptions\ViewException: Invalid file: "home/colaboradores.php"
[Method: GET, Route: colaboradores]
in SYSTEMPATH\Exceptions\FrameworkException.php on line 39.
 1 SYSTEMPATH\View\View.php(226): CodeIgniter\Exceptions\FrameworkException::forInvalidFile('home/colaboradores.php')
 2 SYSTEMPATH\Common.php(1250): CodeIgniter\View\View->render('home/colaboradores', [], true)
 3 APPPATH\Controllers\Home.php(88): view('home/colaboradores')
 4 SYSTEMPATH\CodeIgniter.php(951): App\Controllers\Home->colaboradores()
 5 SYSTEMPATH\CodeIgniter.php(497): CodeIgniter\CodeIgniter->runController(Object(App\Controllers\Home))
 6 SYSTEMPATH\CodeIgniter.php(340): CodeIgniter\CodeIgniter->handleRequest(null, Object(Config\Cache), false)
 7 SYSTEMPATH\Boot.php(417): CodeIgniter\CodeIgniter->run()
 8 SYSTEMPATH\Boot.php(68): CodeIgniter\Boot::runCodeIgniter(Object(CodeIgniter\CodeIgniter))
 9 FCPATH\index.php(64): CodeIgniter\Boot::bootWeb(Object(Config\Paths))
CRITICAL - 2026-05-27 22:18:25 --> CodeIgniter\View\Exceptions\ViewException: Invalid file: "home/colaboradores.php"
[Method: GET, Route: colaboradores]
in SYSTEMPATH\Exceptions\FrameworkException.php on line 39.
 1 SYSTEMPATH\View\View.php(226): CodeIgniter\Exceptions\FrameworkException::forInvalidFile('home/colaboradores.php')
 2 SYSTEMPATH\Common.php(1250): CodeIgniter\View\View->render('home/colaboradores', [], true)
 3 APPPATH\Controllers\Home.php(88): view('home/colaboradores')
 4 SYSTEMPATH\CodeIgniter.php(951): App\Controllers\Home->colaboradores()
 5 SYSTEMPATH\CodeIgniter.php(497): CodeIgniter\CodeIgniter->runController(Object(App\Controllers\Home))
 6 SYSTEMPATH\CodeIgniter.php(340): CodeIgniter\CodeIgniter->handleRequest(null, Object(Config\Cache), false)
 7 SYSTEMPATH\Boot.php(417): CodeIgniter\CodeIgniter->run()
 8 SYSTEMPATH\Boot.php(68): CodeIgniter\Boot::runCodeIgniter(Object(CodeIgniter\CodeIgniter))
 9 FCPATH\index.php(64): CodeIgniter\Boot::bootWeb(Object(Config\Paths))
ERROR - 2026-05-27 22:26:44 --> Table 'epi.epi' doesn't exist
in SYSTEMPATH\Database\MySQLi\Connection.php on line 300.
 1 SYSTEMPATH\Database\MySQLi\Connection.php(300): mysqli->query('SELECT id, nome, descricao, categoria, data_validade, quantidade, status, data_criacao FROM epi', 0)
 2 SYSTEMPATH\Database\BaseConnection.php(769): CodeIgniter\Database\MySQLi\Connection->execute('SELECT id, nome, descricao, categoria, data_validade, quantidade, status, data_criacao FROM epi')
 3 SYSTEMPATH\Database\BaseConnection.php(686): CodeIgniter\Database\BaseConnection->simpleQuery('SELECT id, nome, descricao, categoria, data_validade, quantidade, status, data_criacao FROM epi')
 4 APPPATH\Models\epiModel.php(31): CodeIgniter\Database\BaseConnection->query('SELECT id, nome, descricao, categoria, data_validade, quantidade, status, data_criacao FROM epi')
 5 APPPATH\Controllers\Home.php(51): App\Models\epiModel->buscarTodosepi()
 6 SYSTEMPATH\CodeIgniter.php(951): App\Controllers\Home->listarepi()
 7 SYSTEMPATH\CodeIgniter.php(497): CodeIgniter\CodeIgniter->runController(Object(App\Controllers\Home))
 8 SYSTEMPATH\CodeIgniter.php(340): CodeIgniter\CodeIgniter->handleRequest(null, Object(Config\Cache), false)
 9 SYSTEMPATH\Boot.php(417): CodeIgniter\CodeIgniter->run()
10 SYSTEMPATH\Boot.php(68): CodeIgniter\Boot::runCodeIgniter(Object(CodeIgniter\CodeIgniter))
11 FCPATH\index.php(64): CodeIgniter\Boot::bootWeb(Object(Config\Paths))
CRITICAL - 2026-05-27 22:26:44 --> CodeIgniter\Database\Exceptions\DatabaseException: Table 'epi.epi' doesn't exist
[Method: GET, Route: epi]
in SYSTEMPATH\Database\BaseConnection.php on line 724.
 1 APPPATH\Models\epiModel.php(31): CodeIgniter\Database\BaseConnection->query('SELECT id, nome, descricao, categoria, data_validade, quantidade, status, data_criacao FROM epi')
 2 APPPATH\Controllers\Home.php(51): App\Models\epiModel->buscarTodosepi()
 3 SYSTEMPATH\CodeIgniter.php(951): App\Controllers\Home->listarepi()
 4 SYSTEMPATH\CodeIgniter.php(497): CodeIgniter\CodeIgniter->runController(Object(App\Controllers\Home))
 5 SYSTEMPATH\CodeIgniter.php(340): CodeIgniter\CodeIgniter->handleRequest(null, Object(Config\Cache), false)
 6 SYSTEMPATH\Boot.php(417): CodeIgniter\CodeIgniter->run()
 7 SYSTEMPATH\Boot.php(68): CodeIgniter\Boot::runCodeIgniter(Object(CodeIgniter\CodeIgniter))
 8 FCPATH\index.php(64): CodeIgniter\Boot::bootWeb(Object(Config\Paths))
CRITICAL - 2026-05-27 22:26:44 --> [Caused by] CodeIgniter\Database\Exceptions\DatabaseException: Table 'epi.epi' doesn't exist
in SYSTEMPATH\Database\MySQLi\Connection.php on line 310.
 1 SYSTEMPATH\Database\BaseConnection.php(769): CodeIgniter\Database\MySQLi\Connection->execute('SELECT id, nome, descricao, categoria, data_validade, quantidade, status, data_criacao FROM epi')
 2 SYSTEMPATH\Database\BaseConnection.php(686): CodeIgniter\Database\BaseConnection->simpleQuery('SELECT id, nome, descricao, categoria, data_validade, quantidade, status, data_criacao FROM epi')
 3 APPPATH\Models\epiModel.php(31): CodeIgniter\Database\BaseConnection->query('SELECT id, nome, descricao, categoria, data_validade, quantidade, status, data_criacao FROM epi')
 4 APPPATH\Controllers\Home.php(51): App\Models\epiModel->buscarTodosepi()
 5 SYSTEMPATH\CodeIgniter.php(951): App\Controllers\Home->listarepi()
 6 SYSTEMPATH\CodeIgniter.php(497): CodeIgniter\CodeIgniter->runController(Object(App\Controllers\Home))
 7 SYSTEMPATH\CodeIgniter.php(340): CodeIgniter\CodeIgniter->handleRequest(null, Object(Config\Cache), false)
 8 SYSTEMPATH\Boot.php(417): CodeIgniter\CodeIgniter->run()
 9 SYSTEMPATH\Boot.php(68): CodeIgniter\Boot::runCodeIgniter(Object(CodeIgniter\CodeIgniter))
10 FCPATH\index.php(64): CodeIgniter\Boot::bootWeb(Object(Config\Paths))
CRITICAL - 2026-05-27 22:26:44 --> [Caused by] mysqli_sql_exception: Table 'epi.epi' doesn't exist
in SYSTEMPATH\Database\MySQLi\Connection.php on line 300.
 1 SYSTEMPATH\Database\MySQLi\Connection.php(300): mysqli->query('SELECT id, nome, descricao, categoria, data_validade, quantidade, status, data_criacao FROM epi', 0)
 2 SYSTEMPATH\Database\BaseConnection.php(769): CodeIgniter\Database\MySQLi\Connection->execute('SELECT id, nome, descricao, categoria, data_validade, quantidade, status, data_criacao FROM epi')
 3 SYSTEMPATH\Database\BaseConnection.php(686): CodeIgniter\Database\BaseConnection->simpleQuery('SELECT id, nome, descricao, categoria, data_validade, quantidade, status, data_criacao FROM epi')
 4 APPPATH\Models\epiModel.php(31): CodeIgniter\Database\BaseConnection->query('SELECT id, nome, descricao, categoria, data_validade, quantidade, status, data_criacao FROM epi')
 5 APPPATH\Controllers\Home.php(51): App\Models\epiModel->buscarTodosepi()
 6 SYSTEMPATH\CodeIgniter.php(951): App\Controllers\Home->listarepi()
 7 SYSTEMPATH\CodeIgniter.php(497): CodeIgniter\CodeIgniter->runController(Object(App\Controllers\Home))
 8 SYSTEMPATH\CodeIgniter.php(340): CodeIgniter\CodeIgniter->handleRequest(null, Object(Config\Cache), false)
 9 SYSTEMPATH\Boot.php(417): CodeIgniter\CodeIgniter->run()
10 SYSTEMPATH\Boot.php(68): CodeIgniter\Boot::runCodeIgniter(Object(CodeIgniter\CodeIgniter))
11 FCPATH\index.php(64): CodeIgniter\Boot::bootWeb(Object(Config\Paths))
ERROR - 2026-05-27 22:26:49 --> Table 'epi.epi' doesn't exist
in SYSTEMPATH\Database\MySQLi\Connection.php on line 300.
 1 SYSTEMPATH\Database\MySQLi\Connection.php(300): mysqli->query('SELECT id, nome, descricao, categoria, data_validade, quantidade, status, data_criacao FROM epi', 0)
 2 SYSTEMPATH\Database\BaseConnection.php(769): CodeIgniter\Database\MySQLi\Connection->execute('SELECT id, nome, descricao, categoria, data_validade, quantidade, status, data_criacao FROM epi')
 3 SYSTEMPATH\Database\BaseConnection.php(686): CodeIgniter\Database\BaseConnection->simpleQuery('SELECT id, nome, descricao, categoria, data_validade, quantidade, status, data_criacao FROM epi')
 4 APPPATH\Models\epiModel.php(31): CodeIgniter\Database\BaseConnection->query('SELECT id, nome, descricao, categoria, data_validade, quantidade, status, data_criacao FROM epi')
 5 APPPATH\Controllers\Home.php(51): App\Models\epiModel->buscarTodosepi()
 6 SYSTEMPATH\CodeIgniter.php(951): App\Controllers\Home->listarepi()
 7 SYSTEMPATH\CodeIgniter.php(497): CodeIgniter\CodeIgniter->runController(Object(App\Controllers\Home))
 8 SYSTEMPATH\CodeIgniter.php(340): CodeIgniter\CodeIgniter->handleRequest(null, Object(Config\Cache), false)
 9 SYSTEMPATH\Boot.php(417): CodeIgniter\CodeIgniter->run()
10 SYSTEMPATH\Boot.php(68): CodeIgniter\Boot::runCodeIgniter(Object(CodeIgniter\CodeIgniter))
11 FCPATH\index.php(64): CodeIgniter\Boot::bootWeb(Object(Config\Paths))
CRITICAL - 2026-05-27 22:26:49 --> CodeIgniter\Database\Exceptions\DatabaseException: Table 'epi.epi' doesn't exist
[Method: GET, Route: epi]
in SYSTEMPATH\Database\BaseConnection.php on line 724.
 1 APPPATH\Models\epiModel.php(31): CodeIgniter\Database\BaseConnection->query('SELECT id, nome, descricao, categoria, data_validade, quantidade, status, data_criacao FROM epi')
 2 APPPATH\Controllers\Home.php(51): App\Models\epiModel->buscarTodosepi()
 3 SYSTEMPATH\CodeIgniter.php(951): App\Controllers\Home->listarepi()
 4 SYSTEMPATH\CodeIgniter.php(497): CodeIgniter\CodeIgniter->runController(Object(App\Controllers\Home))
 5 SYSTEMPATH\CodeIgniter.php(340): CodeIgniter\CodeIgniter->handleRequest(null, Object(Config\Cache), false)
 6 SYSTEMPATH\Boot.php(417): CodeIgniter\CodeIgniter->run()
 7 SYSTEMPATH\Boot.php(68): CodeIgniter\Boot::runCodeIgniter(Object(CodeIgniter\CodeIgniter))
 8 FCPATH\index.php(64): CodeIgniter\Boot::bootWeb(Object(Config\Paths))
CRITICAL - 2026-05-27 22:26:49 --> [Caused by] CodeIgniter\Database\Exceptions\DatabaseException: Table 'epi.epi' doesn't exist
in SYSTEMPATH\Database\MySQLi\Connection.php on line 310.
 1 SYSTEMPATH\Database\BaseConnection.php(769): CodeIgniter\Database\MySQLi\Connection->execute('SELECT id, nome, descricao, categoria, data_validade, quantidade, status, data_criacao FROM epi')
 2 SYSTEMPATH\Database\BaseConnection.php(686): CodeIgniter\Database\BaseConnection->simpleQuery('SELECT id, nome, descricao, categoria, data_validade, quantidade, status, data_criacao FROM epi')
 3 APPPATH\Models\epiModel.php(31): CodeIgniter\Database\BaseConnection->query('SELECT id, nome, descricao, categoria, data_validade, quantidade, status, data_criacao FROM epi')
 4 APPPATH\Controllers\Home.php(51): App\Models\epiModel->buscarTodosepi()
 5 SYSTEMPATH\CodeIgniter.php(951): App\Controllers\Home->listarepi()
 6 SYSTEMPATH\CodeIgniter.php(497): CodeIgniter\CodeIgniter->runController(Object(App\Controllers\Home))
 7 SYSTEMPATH\CodeIgniter.php(340): CodeIgniter\CodeIgniter->handleRequest(null, Object(Config\Cache), false)
 8 SYSTEMPATH\Boot.php(417): CodeIgniter\CodeIgniter->run()
 9 SYSTEMPATH\Boot.php(68): CodeIgniter\Boot::runCodeIgniter(Object(CodeIgniter\CodeIgniter))
10 FCPATH\index.php(64): CodeIgniter\Boot::bootWeb(Object(Config\Paths))
CRITICAL - 2026-05-27 22:26:49 --> [Caused by] mysqli_sql_exception: Table 'epi.epi' doesn't exist
in SYSTEMPATH\Database\MySQLi\Connection.php on line 300.
 1 SYSTEMPATH\Database\MySQLi\Connection.php(300): mysqli->query('SELECT id, nome, descricao, categoria, data_validade, quantidade, status, data_criacao FROM epi', 0)
 2 SYSTEMPATH\Database\BaseConnection.php(769): CodeIgniter\Database\MySQLi\Connection->execute('SELECT id, nome, descricao, categoria, data_validade, quantidade, status, data_criacao FROM epi')
 3 SYSTEMPATH\Database\BaseConnection.php(686): CodeIgniter\Database\BaseConnection->simpleQuery('SELECT id, nome, descricao, categoria, data_validade, quantidade, status, data_criacao FROM epi')
 4 APPPATH\Models\epiModel.php(31): CodeIgniter\Database\BaseConnection->query('SELECT id, nome, descricao, categoria, data_validade, quantidade, status, data_criacao FROM epi')
 5 APPPATH\Controllers\Home.php(51): App\Models\epiModel->buscarTodosepi()
 6 SYSTEMPATH\CodeIgniter.php(951): App\Controllers\Home->listarepi()
 7 SYSTEMPATH\CodeIgniter.php(497): CodeIgniter\CodeIgniter->runController(Object(App\Controllers\Home))
 8 SYSTEMPATH\CodeIgniter.php(340): CodeIgniter\CodeIgniter->handleRequest(null, Object(Config\Cache), false)
 9 SYSTEMPATH\Boot.php(417): CodeIgniter\CodeIgniter->run()
10 SYSTEMPATH\Boot.php(68): CodeIgniter\Boot::runCodeIgniter(Object(CodeIgniter\CodeIgniter))
11 FCPATH\index.php(64): CodeIgniter\Boot::bootWeb(Object(Config\Paths))
ERROR - 2026-05-27 22:26:51 --> Table 'epi.epi' doesn't exist
in SYSTEMPATH\Database\MySQLi\Connection.php on line 300.
 1 SYSTEMPATH\Database\MySQLi\Connection.php(300): mysqli->query('SELECT id, nome, descricao, categoria, data_validade, quantidade, status, data_criacao FROM epi', 0)
 2 SYSTEMPATH\Database\BaseConnection.php(769): CodeIgniter\Database\MySQLi\Connection->execute('SELECT id, nome, descricao, categoria, data_validade, quantidade, status, data_criacao FROM epi')
 3 SYSTEMPATH\Database\BaseConnection.php(686): CodeIgniter\Database\BaseConnection->simpleQuery('SELECT id, nome, descricao, categoria, data_validade, quantidade, status, data_criacao FROM epi')
 4 APPPATH\Models\epiModel.php(31): CodeIgniter\Database\BaseConnection->query('SELECT id, nome, descricao, categoria, data_validade, quantidade, status, data_criacao FROM epi')
 5 APPPATH\Controllers\Home.php(51): App\Models\epiModel->buscarTodosepi()
 6 SYSTEMPATH\CodeIgniter.php(951): App\Controllers\Home->listarepi()
 7 SYSTEMPATH\CodeIgniter.php(497): CodeIgniter\CodeIgniter->runController(Object(App\Controllers\Home))
 8 SYSTEMPATH\CodeIgniter.php(340): CodeIgniter\CodeIgniter->handleRequest(null, Object(Config\Cache), false)
 9 SYSTEMPATH\Boot.php(417): CodeIgniter\CodeIgniter->run()
10 SYSTEMPATH\Boot.php(68): CodeIgniter\Boot::runCodeIgniter(Object(CodeIgniter\CodeIgniter))
11 FCPATH\index.php(64): CodeIgniter\Boot::bootWeb(Object(Config\Paths))
CRITICAL - 2026-05-27 22:26:51 --> CodeIgniter\Database\Exceptions\DatabaseException: Table 'epi.epi' doesn't exist
[Method: GET, Route: epi]
in SYSTEMPATH\Database\BaseConnection.php on line 724.
 1 APPPATH\Models\epiModel.php(31): CodeIgniter\Database\BaseConnection->query('SELECT id, nome, descricao, categoria, data_validade, quantidade, status, data_criacao FROM epi')
 2 APPPATH\Controllers\Home.php(51): App\Models\epiModel->buscarTodosepi()
 3 SYSTEMPATH\CodeIgniter.php(951): App\Controllers\Home->listarepi()
 4 SYSTEMPATH\CodeIgniter.php(497): CodeIgniter\CodeIgniter->runController(Object(App\Controllers\Home))
 5 SYSTEMPATH\CodeIgniter.php(340): CodeIgniter\CodeIgniter->handleRequest(null, Object(Config\Cache), false)
 6 SYSTEMPATH\Boot.php(417): CodeIgniter\CodeIgniter->run()
 7 SYSTEMPATH\Boot.php(68): CodeIgniter\Boot::runCodeIgniter(Object(CodeIgniter\CodeIgniter))
 8 FCPATH\index.php(64): CodeIgniter\Boot::bootWeb(Object(Config\Paths))
CRITICAL - 2026-05-27 22:26:51 --> [Caused by] CodeIgniter\Database\Exceptions\DatabaseException: Table 'epi.epi' doesn't exist
in SYSTEMPATH\Database\MySQLi\Connection.php on line 310.
 1 SYSTEMPATH\Database\BaseConnection.php(769): CodeIgniter\Database\MySQLi\Connection->execute('SELECT id, nome, descricao, categoria, data_validade, quantidade, status, data_criacao FROM epi')
 2 SYSTEMPATH\Database\BaseConnection.php(686): CodeIgniter\Database\BaseConnection->simpleQuery('SELECT id, nome, descricao, categoria, data_validade, quantidade, status, data_criacao FROM epi')
 3 APPPATH\Models\epiModel.php(31): CodeIgniter\Database\BaseConnection->query('SELECT id, nome, descricao, categoria, data_validade, quantidade, status, data_criacao FROM epi')
 4 APPPATH\Controllers\Home.php(51): App\Models\epiModel->buscarTodosepi()
 5 SYSTEMPATH\CodeIgniter.php(951): App\Controllers\Home->listarepi()
 6 SYSTEMPATH\CodeIgniter.php(497): CodeIgniter\CodeIgniter->runController(Object(App\Controllers\Home))
 7 SYSTEMPATH\CodeIgniter.php(340): CodeIgniter\CodeIgniter->handleRequest(null, Object(Config\Cache), false)
 8 SYSTEMPATH\Boot.php(417): CodeIgniter\CodeIgniter->run()
 9 SYSTEMPATH\Boot.php(68): CodeIgniter\Boot::runCodeIgniter(Object(CodeIgniter\CodeIgniter))
10 FCPATH\index.php(64): CodeIgniter\Boot::bootWeb(Object(Config\Paths))
CRITICAL - 2026-05-27 22:26:51 --> [Caused by] mysqli_sql_exception: Table 'epi.epi' doesn't exist
in SYSTEMPATH\Database\MySQLi\Connection.php on line 300.
 1 SYSTEMPATH\Database\MySQLi\Connection.php(300): mysqli->query('SELECT id, nome, descricao, categoria, data_validade, quantidade, status, data_criacao FROM epi', 0)
 2 SYSTEMPATH\Database\BaseConnection.php(769): CodeIgniter\Database\MySQLi\Connection->execute('SELECT id, nome, descricao, categoria, data_validade, quantidade, status, data_criacao FROM epi')
 3 SYSTEMPATH\Database\BaseConnection.php(686): CodeIgniter\Database\BaseConnection->simpleQuery('SELECT id, nome, descricao, categoria, data_validade, quantidade, status, data_criacao FROM epi')
 4 APPPATH\Models\epiModel.php(31): CodeIgniter\Database\BaseConnection->query('SELECT id, nome, descricao, categoria, data_validade, quantidade, status, data_criacao FROM epi')
 5 APPPATH\Controllers\Home.php(51): App\Models\epiModel->buscarTodosepi()
 6 SYSTEMPATH\CodeIgniter.php(951): App\Controllers\Home->listarepi()
 7 SYSTEMPATH\CodeIgniter.php(497): CodeIgniter\CodeIgniter->runController(Object(App\Controllers\Home))
 8 SYSTEMPATH\CodeIgniter.php(340): CodeIgniter\CodeIgniter->handleRequest(null, Object(Config\Cache), false)
 9 SYSTEMPATH\Boot.php(417): CodeIgniter\CodeIgniter->run()
10 SYSTEMPATH\Boot.php(68): CodeIgniter\Boot::runCodeIgniter(Object(CodeIgniter\CodeIgniter))
11 FCPATH\index.php(64): CodeIgniter\Boot::bootWeb(Object(Config\Paths))
ERROR - 2026-05-27 22:27:26 --> Table 'epi.epi' doesn't exist
in SYSTEMPATH\Database\MySQLi\Connection.php on line 300.
 1 SYSTEMPATH\Database\MySQLi\Connection.php(300): mysqli->query('SELECT id, nome, descricao, categoria, data_validade, quantidade, status, data_criacao FROM epi', 0)
 2 SYSTEMPATH\Database\BaseConnection.php(769): CodeIgniter\Database\MySQLi\Connection->execute('SELECT id, nome, descricao, categoria, data_validade, quantidade, status, data_criacao FROM epi')
 3 SYSTEMPATH\Database\BaseConnection.php(686): CodeIgniter\Database\BaseConnection->simpleQuery('SELECT id, nome, descricao, categoria, data_validade, quantidade, status, data_criacao FROM epi')
 4 APPPATH\Models\epiModel.php(31): CodeIgniter\Database\BaseConnection->query('SELECT id, nome, descricao, categoria, data_validade, quantidade, status, data_criacao FROM epi')
 5 APPPATH\Controllers\Home.php(51): App\Models\epiModel->buscarTodosepi()
 6 SYSTEMPATH\CodeIgniter.php(951): App\Controllers\Home->listarepi()
 7 SYSTEMPATH\CodeIgniter.php(497): CodeIgniter\CodeIgniter->runController(Object(App\Controllers\Home))
 8 SYSTEMPATH\CodeIgniter.php(340): CodeIgniter\CodeIgniter->handleRequest(null, Object(Config\Cache), false)
 9 SYSTEMPATH\Boot.php(417): CodeIgniter\CodeIgniter->run()
10 SYSTEMPATH\Boot.php(68): CodeIgniter\Boot::runCodeIgniter(Object(CodeIgniter\CodeIgniter))
11 FCPATH\index.php(64): CodeIgniter\Boot::bootWeb(Object(Config\Paths))
CRITICAL - 2026-05-27 22:27:26 --> CodeIgniter\Database\Exceptions\DatabaseException: Table 'epi.epi' doesn't exist
[Method: GET, Route: epi]
in SYSTEMPATH\Database\BaseConnection.php on line 724.
 1 APPPATH\Models\epiModel.php(31): CodeIgniter\Database\BaseConnection->query('SELECT id, nome, descricao, categoria, data_validade, quantidade, status, data_criacao FROM epi')
 2 APPPATH\Controllers\Home.php(51): App\Models\epiModel->buscarTodosepi()
 3 SYSTEMPATH\CodeIgniter.php(951): App\Controllers\Home->listarepi()
 4 SYSTEMPATH\CodeIgniter.php(497): CodeIgniter\CodeIgniter->runController(Object(App\Controllers\Home))
 5 SYSTEMPATH\CodeIgniter.php(340): CodeIgniter\CodeIgniter->handleRequest(null, Object(Config\Cache), false)
 6 SYSTEMPATH\Boot.php(417): CodeIgniter\CodeIgniter->run()
 7 SYSTEMPATH\Boot.php(68): CodeIgniter\Boot::runCodeIgniter(Object(CodeIgniter\CodeIgniter))
 8 FCPATH\index.php(64): CodeIgniter\Boot::bootWeb(Object(Config\Paths))
CRITICAL - 2026-05-27 22:27:26 --> [Caused by] CodeIgniter\Database\Exceptions\DatabaseException: Table 'epi.epi' doesn't exist
in SYSTEMPATH\Database\MySQLi\Connection.php on line 310.
 1 SYSTEMPATH\Database\BaseConnection.php(769): CodeIgniter\Database\MySQLi\Connection->execute('SELECT id, nome, descricao, categoria, data_validade, quantidade, status, data_criacao FROM epi')
 2 SYSTEMPATH\Database\BaseConnection.php(686): CodeIgniter\Database\BaseConnection->simpleQuery('SELECT id, nome, descricao, categoria, data_validade, quantidade, status, data_criacao FROM epi')
 3 APPPATH\Models\epiModel.php(31): CodeIgniter\Database\BaseConnection->query('SELECT id, nome, descricao, categoria, data_validade, quantidade, status, data_criacao FROM epi')
 4 APPPATH\Controllers\Home.php(51): App\Models\epiModel->buscarTodosepi()
 5 SYSTEMPATH\CodeIgniter.php(951): App\Controllers\Home->listarepi()
 6 SYSTEMPATH\CodeIgniter.php(497): CodeIgniter\CodeIgniter->runController(Object(App\Controllers\Home))
 7 SYSTEMPATH\CodeIgniter.php(340): CodeIgniter\CodeIgniter->handleRequest(null, Object(Config\Cache), false)
 8 SYSTEMPATH\Boot.php(417): CodeIgniter\CodeIgniter->run()
 9 SYSTEMPATH\Boot.php(68): CodeIgniter\Boot::runCodeIgniter(Object(CodeIgniter\CodeIgniter))
10 FCPATH\index.php(64): CodeIgniter\Boot::bootWeb(Object(Config\Paths))
CRITICAL - 2026-05-27 22:27:26 --> [Caused by] mysqli_sql_exception: Table 'epi.epi' doesn't exist
in SYSTEMPATH\Database\MySQLi\Connection.php on line 300.
 1 SYSTEMPATH\Database\MySQLi\Connection.php(300): mysqli->query('SELECT id, nome, descricao, categoria, data_validade, quantidade, status, data_criacao FROM epi', 0)
 2 SYSTEMPATH\Database\BaseConnection.php(769): CodeIgniter\Database\MySQLi\Connection->execute('SELECT id, nome, descricao, categoria, data_validade, quantidade, status, data_criacao FROM epi')
 3 SYSTEMPATH\Database\BaseConnection.php(686): CodeIgniter\Database\BaseConnection->simpleQuery('SELECT id, nome, descricao, categoria, data_validade, quantidade, status, data_criacao FROM epi')
 4 APPPATH\Models\epiModel.php(31): CodeIgniter\Database\BaseConnection->query('SELECT id, nome, descricao, categoria, data_validade, quantidade, status, data_criacao FROM epi')
 5 APPPATH\Controllers\Home.php(51): App\Models\epiModel->buscarTodosepi()
 6 SYSTEMPATH\CodeIgniter.php(951): App\Controllers\Home->listarepi()
 7 SYSTEMPATH\CodeIgniter.php(497): CodeIgniter\CodeIgniter->runController(Object(App\Controllers\Home))
 8 SYSTEMPATH\CodeIgniter.php(340): CodeIgniter\CodeIgniter->handleRequest(null, Object(Config\Cache), false)
 9 SYSTEMPATH\Boot.php(417): CodeIgniter\CodeIgniter->run()
10 SYSTEMPATH\Boot.php(68): CodeIgniter\Boot::runCodeIgniter(Object(CodeIgniter\CodeIgniter))
11 FCPATH\index.php(64): CodeIgniter\Boot::bootWeb(Object(Config\Paths))
ERROR - 2026-05-27 22:27:29 --> Table 'epi.epi' doesn't exist
in SYSTEMPATH\Database\MySQLi\Connection.php on line 300.
 1 SYSTEMPATH\Database\MySQLi\Connection.php(300): mysqli->query('SELECT id, nome, descricao, categoria, data_validade, quantidade, status, data_criacao FROM epi', 0)
 2 SYSTEMPATH\Database\BaseConnection.php(769): CodeIgniter\Database\MySQLi\Connection->execute('SELECT id, nome, descricao, categoria, data_validade, quantidade, status, data_criacao FROM epi')
 3 SYSTEMPATH\Database\BaseConnection.php(686): CodeIgniter\Database\BaseConnection->simpleQuery('SELECT id, nome, descricao, categoria, data_validade, quantidade, status, data_criacao FROM epi')
 4 APPPATH\Models\epiModel.php(31): CodeIgniter\Database\BaseConnection->query('SELECT id, nome, descricao, categoria, data_validade, quantidade, status, data_criacao FROM epi')
 5 APPPATH\Controllers\Home.php(51): App\Models\epiModel->buscarTodosepi()
 6 SYSTEMPATH\CodeIgniter.php(951): App\Controllers\Home->listarepi()
 7 SYSTEMPATH\CodeIgniter.php(497): CodeIgniter\CodeIgniter->runController(Object(App\Controllers\Home))
 8 SYSTEMPATH\CodeIgniter.php(340): CodeIgniter\CodeIgniter->handleRequest(null, Object(Config\Cache), false)
 9 SYSTEMPATH\Boot.php(417): CodeIgniter\CodeIgniter->run()
10 SYSTEMPATH\Boot.php(68): CodeIgniter\Boot::runCodeIgniter(Object(CodeIgniter\CodeIgniter))
11 FCPATH\index.php(64): CodeIgniter\Boot::bootWeb(Object(Config\Paths))
CRITICAL - 2026-05-27 22:27:29 --> CodeIgniter\Database\Exceptions\DatabaseException: Table 'epi.epi' doesn't exist
[Method: GET, Route: epi]
in SYSTEMPATH\Database\BaseConnection.php on line 724.
 1 APPPATH\Models\epiModel.php(31): CodeIgniter\Database\BaseConnection->query('SELECT id, nome, descricao, categoria, data_validade, quantidade, status, data_criacao FROM epi')
 2 APPPATH\Controllers\Home.php(51): App\Models\epiModel->buscarTodosepi()
 3 SYSTEMPATH\CodeIgniter.php(951): App\Controllers\Home->listarepi()
 4 SYSTEMPATH\CodeIgniter.php(497): CodeIgniter\CodeIgniter->runController(Object(App\Controllers\Home))
 5 SYSTEMPATH\CodeIgniter.php(340): CodeIgniter\CodeIgniter->handleRequest(null, Object(Config\Cache), false)
 6 SYSTEMPATH\Boot.php(417): CodeIgniter\CodeIgniter->run()
 7 SYSTEMPATH\Boot.php(68): CodeIgniter\Boot::runCodeIgniter(Object(CodeIgniter\CodeIgniter))
 8 FCPATH\index.php(64): CodeIgniter\Boot::bootWeb(Object(Config\Paths))
CRITICAL - 2026-05-27 22:27:29 --> [Caused by] CodeIgniter\Database\Exceptions\DatabaseException: Table 'epi.epi' doesn't exist
in SYSTEMPATH\Database\MySQLi\Connection.php on line 310.
 1 SYSTEMPATH\Database\BaseConnection.php(769): CodeIgniter\Database\MySQLi\Connection->execute('SELECT id, nome, descricao, categoria, data_validade, quantidade, status, data_criacao FROM epi')
 2 SYSTEMPATH\Database\BaseConnection.php(686): CodeIgniter\Database\BaseConnection->simpleQuery('SELECT id, nome, descricao, categoria, data_validade, quantidade, status, data_criacao FROM epi')
 3 APPPATH\Models\epiModel.php(31): CodeIgniter\Database\BaseConnection->query('SELECT id, nome, descricao, categoria, data_validade, quantidade, status, data_criacao FROM epi')
 4 APPPATH\Controllers\Home.php(51): App\Models\epiModel->buscarTodosepi()
 5 SYSTEMPATH\CodeIgniter.php(951): App\Controllers\Home->listarepi()
 6 SYSTEMPATH\CodeIgniter.php(497): CodeIgniter\CodeIgniter->runController(Object(App\Controllers\Home))
 7 SYSTEMPATH\CodeIgniter.php(340): CodeIgniter\CodeIgniter->handleRequest(null, Object(Config\Cache), false)
 8 SYSTEMPATH\Boot.php(417): CodeIgniter\CodeIgniter->run()
 9 SYSTEMPATH\Boot.php(68): CodeIgniter\Boot::runCodeIgniter(Object(CodeIgniter\CodeIgniter))
10 FCPATH\index.php(64): CodeIgniter\Boot::bootWeb(Object(Config\Paths))
CRITICAL - 2026-05-27 22:27:29 --> [Caused by] mysqli_sql_exception: Table 'epi.epi' doesn't exist
in SYSTEMPATH\Database\MySQLi\Connection.php on line 300.
 1 SYSTEMPATH\Database\MySQLi\Connection.php(300): mysqli->query('SELECT id, nome, descricao, categoria, data_validade, quantidade, status, data_criacao FROM epi', 0)
 2 SYSTEMPATH\Database\BaseConnection.php(769): CodeIgniter\Database\MySQLi\Connection->execute('SELECT id, nome, descricao, categoria, data_validade, quantidade, status, data_criacao FROM epi')
 3 SYSTEMPATH\Database\BaseConnection.php(686): CodeIgniter\Database\BaseConnection->simpleQuery('SELECT id, nome, descricao, categoria, data_validade, quantidade, status, data_criacao FROM epi')
 4 APPPATH\Models\epiModel.php(31): CodeIgniter\Database\BaseConnection->query('SELECT id, nome, descricao, categoria, data_validade, quantidade, status, data_criacao FROM epi')
 5 APPPATH\Controllers\Home.php(51): App\Models\epiModel->buscarTodosepi()
 6 SYSTEMPATH\CodeIgniter.php(951): App\Controllers\Home->listarepi()
 7 SYSTEMPATH\CodeIgniter.php(497): CodeIgniter\CodeIgniter->runController(Object(App\Controllers\Home))
 8 SYSTEMPATH\CodeIgniter.php(340): CodeIgniter\CodeIgniter->handleRequest(null, Object(Config\Cache), false)
 9 SYSTEMPATH\Boot.php(417): CodeIgniter\CodeIgniter->run()
10 SYSTEMPATH\Boot.php(68): CodeIgniter\Boot::runCodeIgniter(Object(CodeIgniter\CodeIgniter))
11 FCPATH\index.php(64): CodeIgniter\Boot::bootWeb(Object(Config\Paths))
ERROR - 2026-05-27 22:31:37 --> Table 'epi.epi' doesn't exist
in SYSTEMPATH\Database\MySQLi\Connection.php on line 300.
 1 SYSTEMPATH\Database\MySQLi\Connection.php(300): mysqli->query('SELECT id, nome, descricao, categoria, data_validade, quantidade, status, data_criacao FROM epi', 0)
 2 SYSTEMPATH\Database\BaseConnection.php(769): CodeIgniter\Database\MySQLi\Connection->execute('SELECT id, nome, descricao, categoria, data_validade, quantidade, status, data_criacao FROM epi')
 3 SYSTEMPATH\Database\BaseConnection.php(686): CodeIgniter\Database\BaseConnection->simpleQuery('SELECT id, nome, descricao, categoria, data_validade, quantidade, status, data_criacao FROM epi')
 4 APPPATH\Models\epiModel.php(31): CodeIgniter\Database\BaseConnection->query('SELECT id, nome, descricao, categoria, data_validade, quantidade, status, data_criacao FROM epi')
 5 APPPATH\Controllers\Home.php(51): App\Models\epiModel->buscarTodosepi()
 6 SYSTEMPATH\CodeIgniter.php(951): App\Controllers\Home->listarepi()
 7 SYSTEMPATH\CodeIgniter.php(497): CodeIgniter\CodeIgniter->runController(Object(App\Controllers\Home))
 8 SYSTEMPATH\CodeIgniter.php(340): CodeIgniter\CodeIgniter->handleRequest(null, Object(Config\Cache), false)
 9 SYSTEMPATH\Boot.php(417): CodeIgniter\CodeIgniter->run()
10 SYSTEMPATH\Boot.php(68): CodeIgniter\Boot::runCodeIgniter(Object(CodeIgniter\CodeIgniter))
11 FCPATH\index.php(64): CodeIgniter\Boot::bootWeb(Object(Config\Paths))
CRITICAL - 2026-05-27 22:31:37 --> CodeIgniter\Database\Exceptions\DatabaseException: Table 'epi.epi' doesn't exist
[Method: GET, Route: epi]
in SYSTEMPATH\Database\BaseConnection.php on line 724.
 1 APPPATH\Models\epiModel.php(31): CodeIgniter\Database\BaseConnection->query('SELECT id, nome, descricao, categoria, data_validade, quantidade, status, data_criacao FROM epi')
 2 APPPATH\Controllers\Home.php(51): App\Models\epiModel->buscarTodosepi()
 3 SYSTEMPATH\CodeIgniter.php(951): App\Controllers\Home->listarepi()
 4 SYSTEMPATH\CodeIgniter.php(497): CodeIgniter\CodeIgniter->runController(Object(App\Controllers\Home))
 5 SYSTEMPATH\CodeIgniter.php(340): CodeIgniter\CodeIgniter->handleRequest(null, Object(Config\Cache), false)
 6 SYSTEMPATH\Boot.php(417): CodeIgniter\CodeIgniter->run()
 7 SYSTEMPATH\Boot.php(68): CodeIgniter\Boot::runCodeIgniter(Object(CodeIgniter\CodeIgniter))
 8 FCPATH\index.php(64): CodeIgniter\Boot::bootWeb(Object(Config\Paths))
CRITICAL - 2026-05-27 22:31:37 --> [Caused by] CodeIgniter\Database\Exceptions\DatabaseException: Table 'epi.epi' doesn't exist
in SYSTEMPATH\Database\MySQLi\Connection.php on line 310.
 1 SYSTEMPATH\Database\BaseConnection.php(769): CodeIgniter\Database\MySQLi\Connection->execute('SELECT id, nome, descricao, categoria, data_validade, quantidade, status, data_criacao FROM epi')
 2 SYSTEMPATH\Database\BaseConnection.php(686): CodeIgniter\Database\BaseConnection->simpleQuery('SELECT id, nome, descricao, categoria, data_validade, quantidade, status, data_criacao FROM epi')
 3 APPPATH\Models\epiModel.php(31): CodeIgniter\Database\BaseConnection->query('SELECT id, nome, descricao, categoria, data_validade, quantidade, status, data_criacao FROM epi')
 4 APPPATH\Controllers\Home.php(51): App\Models\epiModel->buscarTodosepi()
 5 SYSTEMPATH\CodeIgniter.php(951): App\Controllers\Home->listarepi()
 6 SYSTEMPATH\CodeIgniter.php(497): CodeIgniter\CodeIgniter->runController(Object(App\Controllers\Home))
 7 SYSTEMPATH\CodeIgniter.php(340): CodeIgniter\CodeIgniter->handleRequest(null, Object(Config\Cache), false)
 8 SYSTEMPATH\Boot.php(417): CodeIgniter\CodeIgniter->run()
 9 SYSTEMPATH\Boot.php(68): CodeIgniter\Boot::runCodeIgniter(Object(CodeIgniter\CodeIgniter))
10 FCPATH\index.php(64): CodeIgniter\Boot::bootWeb(Object(Config\Paths))
CRITICAL - 2026-05-27 22:31:37 --> [Caused by] mysqli_sql_exception: Table 'epi.epi' doesn't exist
in SYSTEMPATH\Database\MySQLi\Connection.php on line 300.
 1 SYSTEMPATH\Database\MySQLi\Connection.php(300): mysqli->query('SELECT id, nome, descricao, categoria, data_validade, quantidade, status, data_criacao FROM epi', 0)
 2 SYSTEMPATH\Database\BaseConnection.php(769): CodeIgniter\Database\MySQLi\Connection->execute('SELECT id, nome, descricao, categoria, data_validade, quantidade, status, data_criacao FROM epi')
 3 SYSTEMPATH\Database\BaseConnection.php(686): CodeIgniter\Database\BaseConnection->simpleQuery('SELECT id, nome, descricao, categoria, data_validade, quantidade, status, data_criacao FROM epi')
 4 APPPATH\Models\epiModel.php(31): CodeIgniter\Database\BaseConnection->query('SELECT id, nome, descricao, categoria, data_validade, quantidade, status, data_criacao FROM epi')
 5 APPPATH\Controllers\Home.php(51): App\Models\epiModel->buscarTodosepi()
 6 SYSTEMPATH\CodeIgniter.php(951): App\Controllers\Home->listarepi()
 7 SYSTEMPATH\CodeIgniter.php(497): CodeIgniter\CodeIgniter->runController(Object(App\Controllers\Home))
 8 SYSTEMPATH\CodeIgniter.php(340): CodeIgniter\CodeIgniter->handleRequest(null, Object(Config\Cache), false)
 9 SYSTEMPATH\Boot.php(417): CodeIgniter\CodeIgniter->run()
10 SYSTEMPATH\Boot.php(68): CodeIgniter\Boot::runCodeIgniter(Object(CodeIgniter\CodeIgniter))
11 FCPATH\index.php(64): CodeIgniter\Boot::bootWeb(Object(Config\Paths))
ERROR - 2026-05-27 22:31:46 --> Table 'epi.epi' doesn't exist
in SYSTEMPATH\Database\MySQLi\Connection.php on line 300.
 1 SYSTEMPATH\Database\MySQLi\Connection.php(300): mysqli->query('SELECT id, nome, descricao, categoria, data_validade, quantidade, status, data_criacao FROM epi', 0)
 2 SYSTEMPATH\Database\BaseConnection.php(769): CodeIgniter\Database\MySQLi\Connection->execute('SELECT id, nome, descricao, categoria, data_validade, quantidade, status, data_criacao FROM epi')
 3 SYSTEMPATH\Database\BaseConnection.php(686): CodeIgniter\Database\BaseConnection->simpleQuery('SELECT id, nome, descricao, categoria, data_validade, quantidade, status, data_criacao FROM epi')
 4 APPPATH\Models\epiModel.php(31): CodeIgniter\Database\BaseConnection->query('SELECT id, nome, descricao, categoria, data_validade, quantidade, status, data_criacao FROM epi')
 5 APPPATH\Controllers\Home.php(51): App\Models\epiModel->buscarTodosepi()
 6 SYSTEMPATH\CodeIgniter.php(951): App\Controllers\Home->listarepi()
 7 SYSTEMPATH\CodeIgniter.php(497): CodeIgniter\CodeIgniter->runController(Object(App\Controllers\Home))
 8 SYSTEMPATH\CodeIgniter.php(340): CodeIgniter\CodeIgniter->handleRequest(null, Object(Config\Cache), false)
 9 SYSTEMPATH\Boot.php(417): CodeIgniter\CodeIgniter->run()
10 SYSTEMPATH\Boot.php(68): CodeIgniter\Boot::runCodeIgniter(Object(CodeIgniter\CodeIgniter))
11 FCPATH\index.php(64): CodeIgniter\Boot::bootWeb(Object(Config\Paths))
CRITICAL - 2026-05-27 22:31:46 --> CodeIgniter\Database\Exceptions\DatabaseException: Table 'epi.epi' doesn't exist
[Method: GET, Route: epi]
in SYSTEMPATH\Database\BaseConnection.php on line 724.
 1 APPPATH\Models\epiModel.php(31): CodeIgniter\Database\BaseConnection->query('SELECT id, nome, descricao, categoria, data_validade, quantidade, status, data_criacao FROM epi')
 2 APPPATH\Controllers\Home.php(51): App\Models\epiModel->buscarTodosepi()
 3 SYSTEMPATH\CodeIgniter.php(951): App\Controllers\Home->listarepi()
 4 SYSTEMPATH\CodeIgniter.php(497): CodeIgniter\CodeIgniter->runController(Object(App\Controllers\Home))
 5 SYSTEMPATH\CodeIgniter.php(340): CodeIgniter\CodeIgniter->handleRequest(null, Object(Config\Cache), false)
 6 SYSTEMPATH\Boot.php(417): CodeIgniter\CodeIgniter->run()
 7 SYSTEMPATH\Boot.php(68): CodeIgniter\Boot::runCodeIgniter(Object(CodeIgniter\CodeIgniter))
 8 FCPATH\index.php(64): CodeIgniter\Boot::bootWeb(Object(Config\Paths))
CRITICAL - 2026-05-27 22:31:46 --> [Caused by] CodeIgniter\Database\Exceptions\DatabaseException: Table 'epi.epi' doesn't exist
in SYSTEMPATH\Database\MySQLi\Connection.php on line 310.
 1 SYSTEMPATH\Database\BaseConnection.php(769): CodeIgniter\Database\MySQLi\Connection->execute('SELECT id, nome, descricao, categoria, data_validade, quantidade, status, data_criacao FROM epi')
 2 SYSTEMPATH\Database\BaseConnection.php(686): CodeIgniter\Database\BaseConnection->simpleQuery('SELECT id, nome, descricao, categoria, data_validade, quantidade, status, data_criacao FROM epi')
 3 APPPATH\Models\epiModel.php(31): CodeIgniter\Database\BaseConnection->query('SELECT id, nome, descricao, categoria, data_validade, quantidade, status, data_criacao FROM epi')
 4 APPPATH\Controllers\Home.php(51): App\Models\epiModel->buscarTodosepi()
 5 SYSTEMPATH\CodeIgniter.php(951): App\Controllers\Home->listarepi()
 6 SYSTEMPATH\CodeIgniter.php(497): CodeIgniter\CodeIgniter->runController(Object(App\Controllers\Home))
 7 SYSTEMPATH\CodeIgniter.php(340): CodeIgniter\CodeIgniter->handleRequest(null, Object(Config\Cache), false)
 8 SYSTEMPATH\Boot.php(417): CodeIgniter\CodeIgniter->run()
 9 SYSTEMPATH\Boot.php(68): CodeIgniter\Boot::runCodeIgniter(Object(CodeIgniter\CodeIgniter))
10 FCPATH\index.php(64): CodeIgniter\Boot::bootWeb(Object(Config\Paths))
CRITICAL - 2026-05-27 22:31:46 --> [Caused by] mysqli_sql_exception: Table 'epi.epi' doesn't exist
in SYSTEMPATH\Database\MySQLi\Connection.php on line 300.
 1 SYSTEMPATH\Database\MySQLi\Connection.php(300): mysqli->query('SELECT id, nome, descricao, categoria, data_validade, quantidade, status, data_criacao FROM epi', 0)
 2 SYSTEMPATH\Database\BaseConnection.php(769): CodeIgniter\Database\MySQLi\Connection->execute('SELECT id, nome, descricao, categoria, data_validade, quantidade, status, data_criacao FROM epi')
 3 SYSTEMPATH\Database\BaseConnection.php(686): CodeIgniter\Database\BaseConnection->simpleQuery('SELECT id, nome, descricao, categoria, data_validade, quantidade, status, data_criacao FROM epi')
 4 APPPATH\Models\epiModel.php(31): CodeIgniter\Database\BaseConnection->query('SELECT id, nome, descricao, categoria, data_validade, quantidade, status, data_criacao FROM epi')
 5 APPPATH\Controllers\Home.php(51): App\Models\epiModel->buscarTodosepi()
 6 SYSTEMPATH\CodeIgniter.php(951): App\Controllers\Home->listarepi()
 7 SYSTEMPATH\CodeIgniter.php(497): CodeIgniter\CodeIgniter->runController(Object(App\Controllers\Home))
 8 SYSTEMPATH\CodeIgniter.php(340): CodeIgniter\CodeIgniter->handleRequest(null, Object(Config\Cache), false)
 9 SYSTEMPATH\Boot.php(417): CodeIgniter\CodeIgniter->run()
10 SYSTEMPATH\Boot.php(68): CodeIgniter\Boot::runCodeIgniter(Object(CodeIgniter\CodeIgniter))
11 FCPATH\index.php(64): CodeIgniter\Boot::bootWeb(Object(Config\Paths))
ERROR - 2026-05-27 22:31:52 --> Table 'epi.epi' doesn't exist
in SYSTEMPATH\Database\MySQLi\Connection.php on line 300.
 1 SYSTEMPATH\Database\MySQLi\Connection.php(300): mysqli->query('SELECT id, nome, descricao, categoria, data_validade, quantidade, status, data_criacao FROM epi', 0)
 2 SYSTEMPATH\Database\BaseConnection.php(769): CodeIgniter\Database\MySQLi\Connection->execute('SELECT id, nome, descricao, categoria, data_validade, quantidade, status, data_criacao FROM epi')
 3 SYSTEMPATH\Database\BaseConnection.php(686): CodeIgniter\Database\BaseConnection->simpleQuery('SELECT id, nome, descricao, categoria, data_validade, quantidade, status, data_criacao FROM epi')
 4 APPPATH\Models\epiModel.php(31): CodeIgniter\Database\BaseConnection->query('SELECT id, nome, descricao, categoria, data_validade, quantidade, status, data_criacao FROM epi')
 5 APPPATH\Controllers\Home.php(51): App\Models\epiModel->buscarTodosepi()
 6 SYSTEMPATH\CodeIgniter.php(951): App\Controllers\Home->listarepi()
 7 SYSTEMPATH\CodeIgniter.php(497): CodeIgniter\CodeIgniter->runController(Object(App\Controllers\Home))
 8 SYSTEMPATH\CodeIgniter.php(340): CodeIgniter\CodeIgniter->handleRequest(null, Object(Config\Cache), false)
 9 SYSTEMPATH\Boot.php(417): CodeIgniter\CodeIgniter->run()
10 SYSTEMPATH\Boot.php(68): CodeIgniter\Boot::runCodeIgniter(Object(CodeIgniter\CodeIgniter))
11 FCPATH\index.php(64): CodeIgniter\Boot::bootWeb(Object(Config\Paths))
CRITICAL - 2026-05-27 22:31:52 --> CodeIgniter\Database\Exceptions\DatabaseException: Table 'epi.epi' doesn't exist
[Method: GET, Route: epi]
in SYSTEMPATH\Database\BaseConnection.php on line 724.
 1 APPPATH\Models\epiModel.php(31): CodeIgniter\Database\BaseConnection->query('SELECT id, nome, descricao, categoria, data_validade, quantidade, status, data_criacao FROM epi')
 2 APPPATH\Controllers\Home.php(51): App\Models\epiModel->buscarTodosepi()
 3 SYSTEMPATH\CodeIgniter.php(951): App\Controllers\Home->listarepi()
 4 SYSTEMPATH\CodeIgniter.php(497): CodeIgniter\CodeIgniter->runController(Object(App\Controllers\Home))
 5 SYSTEMPATH\CodeIgniter.php(340): CodeIgniter\CodeIgniter->handleRequest(null, Object(Config\Cache), false)
 6 SYSTEMPATH\Boot.php(417): CodeIgniter\CodeIgniter->run()
 7 SYSTEMPATH\Boot.php(68): CodeIgniter\Boot::runCodeIgniter(Object(CodeIgniter\CodeIgniter))
 8 FCPATH\index.php(64): CodeIgniter\Boot::bootWeb(Object(Config\Paths))
CRITICAL - 2026-05-27 22:31:52 --> [Caused by] CodeIgniter\Database\Exceptions\DatabaseException: Table 'epi.epi' doesn't exist
in SYSTEMPATH\Database\MySQLi\Connection.php on line 310.
 1 SYSTEMPATH\Database\BaseConnection.php(769): CodeIgniter\Database\MySQLi\Connection->execute('SELECT id, nome, descricao, categoria, data_validade, quantidade, status, data_criacao FROM epi')
 2 SYSTEMPATH\Database\BaseConnection.php(686): CodeIgniter\Database\BaseConnection->simpleQuery('SELECT id, nome, descricao, categoria, data_validade, quantidade, status, data_criacao FROM epi')
 3 APPPATH\Models\epiModel.php(31): CodeIgniter\Database\BaseConnection->query('SELECT id, nome, descricao, categoria, data_validade, quantidade, status, data_criacao FROM epi')
 4 APPPATH\Controllers\Home.php(51): App\Models\epiModel->buscarTodosepi()
 5 SYSTEMPATH\CodeIgniter.php(951): App\Controllers\Home->listarepi()
 6 SYSTEMPATH\CodeIgniter.php(497): CodeIgniter\CodeIgniter->runController(Object(App\Controllers\Home))
 7 SYSTEMPATH\CodeIgniter.php(340): CodeIgniter\CodeIgniter->handleRequest(null, Object(Config\Cache), false)
 8 SYSTEMPATH\Boot.php(417): CodeIgniter\CodeIgniter->run()
 9 SYSTEMPATH\Boot.php(68): CodeIgniter\Boot::runCodeIgniter(Object(CodeIgniter\CodeIgniter))
10 FCPATH\index.php(64): CodeIgniter\Boot::bootWeb(Object(Config\Paths))
CRITICAL - 2026-05-27 22:31:52 --> [Caused by] mysqli_sql_exception: Table 'epi.epi' doesn't exist
in SYSTEMPATH\Database\MySQLi\Connection.php on line 300.
 1 SYSTEMPATH\Database\MySQLi\Connection.php(300): mysqli->query('SELECT id, nome, descricao, categoria, data_validade, quantidade, status, data_criacao FROM epi', 0)
 2 SYSTEMPATH\Database\BaseConnection.php(769): CodeIgniter\Database\MySQLi\Connection->execute('SELECT id, nome, descricao, categoria, data_validade, quantidade, status, data_criacao FROM epi')
 3 SYSTEMPATH\Database\BaseConnection.php(686): CodeIgniter\Database\BaseConnection->simpleQuery('SELECT id, nome, descricao, categoria, data_validade, quantidade, status, data_criacao FROM epi')
 4 APPPATH\Models\epiModel.php(31): CodeIgniter\Database\BaseConnection->query('SELECT id, nome, descricao, categoria, data_validade, quantidade, status, data_criacao FROM epi')
 5 APPPATH\Controllers\Home.php(51): App\Models\epiModel->buscarTodosepi()
 6 SYSTEMPATH\CodeIgniter.php(951): App\Controllers\Home->listarepi()
 7 SYSTEMPATH\CodeIgniter.php(497): CodeIgniter\CodeIgniter->runController(Object(App\Controllers\Home))
 8 SYSTEMPATH\CodeIgniter.php(340): CodeIgniter\CodeIgniter->handleRequest(null, Object(Config\Cache), false)
 9 SYSTEMPATH\Boot.php(417): CodeIgniter\CodeIgniter->run()
10 SYSTEMPATH\Boot.php(68): CodeIgniter\Boot::runCodeIgniter(Object(CodeIgniter\CodeIgniter))
11 FCPATH\index.php(64): CodeIgniter\Boot::bootWeb(Object(Config\Paths))
ERROR - 2026-05-27 22:34:01 --> Table 'epi.epi' doesn't exist
in SYSTEMPATH\Database\MySQLi\Connection.php on line 300.
 1 SYSTEMPATH\Database\MySQLi\Connection.php(300): mysqli->query('SELECT id, nome, descricao, categoria, data_validade, quantidade, status, data_criacao FROM epi', 0)
 2 SYSTEMPATH\Database\BaseConnection.php(769): CodeIgniter\Database\MySQLi\Connection->execute('SELECT id, nome, descricao, categoria, data_validade, quantidade, status, data_criacao FROM epi')
 3 SYSTEMPATH\Database\BaseConnection.php(686): CodeIgniter\Database\BaseConnection->simpleQuery('SELECT id, nome, descricao, categoria, data_validade, quantidade, status, data_criacao FROM epi')
 4 APPPATH\Models\epiModel.php(31): CodeIgniter\Database\BaseConnection->query('SELECT id, nome, descricao, categoria, data_validade, quantidade, status, data_criacao FROM epi')
 5 APPPATH\Controllers\Home.php(51): App\Models\epiModel->buscarTodosepi()
 6 SYSTEMPATH\CodeIgniter.php(951): App\Controllers\Home->listarepi()
 7 SYSTEMPATH\CodeIgniter.php(497): CodeIgniter\CodeIgniter->runController(Object(App\Controllers\Home))
 8 SYSTEMPATH\CodeIgniter.php(340): CodeIgniter\CodeIgniter->handleRequest(null, Object(Config\Cache), false)
 9 SYSTEMPATH\Boot.php(417): CodeIgniter\CodeIgniter->run()
10 SYSTEMPATH\Boot.php(68): CodeIgniter\Boot::runCodeIgniter(Object(CodeIgniter\CodeIgniter))
11 FCPATH\index.php(64): CodeIgniter\Boot::bootWeb(Object(Config\Paths))
CRITICAL - 2026-05-27 22:34:01 --> CodeIgniter\Database\Exceptions\DatabaseException: Table 'epi.epi' doesn't exist
[Method: GET, Route: epi]
in SYSTEMPATH\Database\BaseConnection.php on line 724.
 1 APPPATH\Models\epiModel.php(31): CodeIgniter\Database\BaseConnection->query('SELECT id, nome, descricao, categoria, data_validade, quantidade, status, data_criacao FROM epi')
 2 APPPATH\Controllers\Home.php(51): App\Models\epiModel->buscarTodosepi()
 3 SYSTEMPATH\CodeIgniter.php(951): App\Controllers\Home->listarepi()
 4 SYSTEMPATH\CodeIgniter.php(497): CodeIgniter\CodeIgniter->runController(Object(App\Controllers\Home))
 5 SYSTEMPATH\CodeIgniter.php(340): CodeIgniter\CodeIgniter->handleRequest(null, Object(Config\Cache), false)
 6 SYSTEMPATH\Boot.php(417): CodeIgniter\CodeIgniter->run()
 7 SYSTEMPATH\Boot.php(68): CodeIgniter\Boot::runCodeIgniter(Object(CodeIgniter\CodeIgniter))
 8 FCPATH\index.php(64): CodeIgniter\Boot::bootWeb(Object(Config\Paths))
CRITICAL - 2026-05-27 22:34:01 --> [Caused by] CodeIgniter\Database\Exceptions\DatabaseException: Table 'epi.epi' doesn't exist
in SYSTEMPATH\Database\MySQLi\Connection.php on line 310.
 1 SYSTEMPATH\Database\BaseConnection.php(769): CodeIgniter\Database\MySQLi\Connection->execute('SELECT id, nome, descricao, categoria, data_validade, quantidade, status, data_criacao FROM epi')
 2 SYSTEMPATH\Database\BaseConnection.php(686): CodeIgniter\Database\BaseConnection->simpleQuery('SELECT id, nome, descricao, categoria, data_validade, quantidade, status, data_criacao FROM epi')
 3 APPPATH\Models\epiModel.php(31): CodeIgniter\Database\BaseConnection->query('SELECT id, nome, descricao, categoria, data_validade, quantidade, status, data_criacao FROM epi')
 4 APPPATH\Controllers\Home.php(51): App\Models\epiModel->buscarTodosepi()
 5 SYSTEMPATH\CodeIgniter.php(951): App\Controllers\Home->listarepi()
 6 SYSTEMPATH\CodeIgniter.php(497): CodeIgniter\CodeIgniter->runController(Object(App\Controllers\Home))
 7 SYSTEMPATH\CodeIgniter.php(340): CodeIgniter\CodeIgniter->handleRequest(null, Object(Config\Cache), false)
 8 SYSTEMPATH\Boot.php(417): CodeIgniter\CodeIgniter->run()
 9 SYSTEMPATH\Boot.php(68): CodeIgniter\Boot::runCodeIgniter(Object(CodeIgniter\CodeIgniter))
10 FCPATH\index.php(64): CodeIgniter\Boot::bootWeb(Object(Config\Paths))
CRITICAL - 2026-05-27 22:34:01 --> [Caused by] mysqli_sql_exception: Table 'epi.epi' doesn't exist
in SYSTEMPATH\Database\MySQLi\Connection.php on line 300.
 1 SYSTEMPATH\Database\MySQLi\Connection.php(300): mysqli->query('SELECT id, nome, descricao, categoria, data_validade, quantidade, status, data_criacao FROM epi', 0)
 2 SYSTEMPATH\Database\BaseConnection.php(769): CodeIgniter\Database\MySQLi\Connection->execute('SELECT id, nome, descricao, categoria, data_validade, quantidade, status, data_criacao FROM epi')
 3 SYSTEMPATH\Database\BaseConnection.php(686): CodeIgniter\Database\BaseConnection->simpleQuery('SELECT id, nome, descricao, categoria, data_validade, quantidade, status, data_criacao FROM epi')
 4 APPPATH\Models\epiModel.php(31): CodeIgniter\Database\BaseConnection->query('SELECT id, nome, descricao, categoria, data_validade, quantidade, status, data_criacao FROM epi')
 5 APPPATH\Controllers\Home.php(51): App\Models\epiModel->buscarTodosepi()
 6 SYSTEMPATH\CodeIgniter.php(951): App\Controllers\Home->listarepi()
 7 SYSTEMPATH\CodeIgniter.php(497): CodeIgniter\CodeIgniter->runController(Object(App\Controllers\Home))
 8 SYSTEMPATH\CodeIgniter.php(340): CodeIgniter\CodeIgniter->handleRequest(null, Object(Config\Cache), false)
 9 SYSTEMPATH\Boot.php(417): CodeIgniter\CodeIgniter->run()
10 SYSTEMPATH\Boot.php(68): CodeIgniter\Boot::runCodeIgniter(Object(CodeIgniter\CodeIgniter))
11 FCPATH\index.php(64): CodeIgniter\Boot::bootWeb(Object(Config\Paths))
ERROR - 2026-05-27 22:34:03 --> Table 'epi.epi' doesn't exist
in SYSTEMPATH\Database\MySQLi\Connection.php on line 300.
 1 SYSTEMPATH\Database\MySQLi\Connection.php(300): mysqli->query('SELECT id, nome, descricao, categoria, data_validade, quantidade, status, data_criacao FROM epi', 0)
 2 SYSTEMPATH\Database\BaseConnection.php(769): CodeIgniter\Database\MySQLi\Connection->execute('SELECT id, nome, descricao, categoria, data_validade, quantidade, status, data_criacao FROM epi')
 3 SYSTEMPATH\Database\BaseConnection.php(686): CodeIgniter\Database\BaseConnection->simpleQuery('SELECT id, nome, descricao, categoria, data_validade, quantidade, status, data_criacao FROM epi')
 4 APPPATH\Models\epiModel.php(31): CodeIgniter\Database\BaseConnection->query('SELECT id, nome, descricao, categoria, data_validade, quantidade, status, data_criacao FROM epi')
 5 APPPATH\Controllers\Home.php(51): App\Models\epiModel->buscarTodosepi()
 6 SYSTEMPATH\CodeIgniter.php(951): App\Controllers\Home->listarepi()
 7 SYSTEMPATH\CodeIgniter.php(497): CodeIgniter\CodeIgniter->runController(Object(App\Controllers\Home))
 8 SYSTEMPATH\CodeIgniter.php(340): CodeIgniter\CodeIgniter->handleRequest(null, Object(Config\Cache), false)
 9 SYSTEMPATH\Boot.php(417): CodeIgniter\CodeIgniter->run()
10 SYSTEMPATH\Boot.php(68): CodeIgniter\Boot::runCodeIgniter(Object(CodeIgniter\CodeIgniter))
11 FCPATH\index.php(64): CodeIgniter\Boot::bootWeb(Object(Config\Paths))
CRITICAL - 2026-05-27 22:34:03 --> CodeIgniter\Database\Exceptions\DatabaseException: Table 'epi.epi' doesn't exist
[Method: GET, Route: epi]
in SYSTEMPATH\Database\BaseConnection.php on line 724.
 1 APPPATH\Models\epiModel.php(31): CodeIgniter\Database\BaseConnection->query('SELECT id, nome, descricao, categoria, data_validade, quantidade, status, data_criacao FROM epi')
 2 APPPATH\Controllers\Home.php(51): App\Models\epiModel->buscarTodosepi()
 3 SYSTEMPATH\CodeIgniter.php(951): App\Controllers\Home->listarepi()
 4 SYSTEMPATH\CodeIgniter.php(497): CodeIgniter\CodeIgniter->runController(Object(App\Controllers\Home))
 5 SYSTEMPATH\CodeIgniter.php(340): CodeIgniter\CodeIgniter->handleRequest(null, Object(Config\Cache), false)
 6 SYSTEMPATH\Boot.php(417): CodeIgniter\CodeIgniter->run()
 7 SYSTEMPATH\Boot.php(68): CodeIgniter\Boot::runCodeIgniter(Object(CodeIgniter\CodeIgniter))
 8 FCPATH\index.php(64): CodeIgniter\Boot::bootWeb(Object(Config\Paths))
CRITICAL - 2026-05-27 22:34:03 --> [Caused by] CodeIgniter\Database\Exceptions\DatabaseException: Table 'epi.epi' doesn't exist
in SYSTEMPATH\Database\MySQLi\Connection.php on line 310.
 1 SYSTEMPATH\Database\BaseConnection.php(769): CodeIgniter\Database\MySQLi\Connection->execute('SELECT id, nome, descricao, categoria, data_validade, quantidade, status, data_criacao FROM epi')
 2 SYSTEMPATH\Database\BaseConnection.php(686): CodeIgniter\Database\BaseConnection->simpleQuery('SELECT id, nome, descricao, categoria, data_validade, quantidade, status, data_criacao FROM epi')
 3 APPPATH\Models\epiModel.php(31): CodeIgniter\Database\BaseConnection->query('SELECT id, nome, descricao, categoria, data_validade, quantidade, status, data_criacao FROM epi')
 4 APPPATH\Controllers\Home.php(51): App\Models\epiModel->buscarTodosepi()
 5 SYSTEMPATH\CodeIgniter.php(951): App\Controllers\Home->listarepi()
 6 SYSTEMPATH\CodeIgniter.php(497): CodeIgniter\CodeIgniter->runController(Object(App\Controllers\Home))
 7 SYSTEMPATH\CodeIgniter.php(340): CodeIgniter\CodeIgniter->handleRequest(null, Object(Config\Cache), false)
 8 SYSTEMPATH\Boot.php(417): CodeIgniter\CodeIgniter->run()
 9 SYSTEMPATH\Boot.php(68): CodeIgniter\Boot::runCodeIgniter(Object(CodeIgniter\CodeIgniter))
10 FCPATH\index.php(64): CodeIgniter\Boot::bootWeb(Object(Config\Paths))
CRITICAL - 2026-05-27 22:34:03 --> [Caused by] mysqli_sql_exception: Table 'epi.epi' doesn't exist
in SYSTEMPATH\Database\MySQLi\Connection.php on line 300.
 1 SYSTEMPATH\Database\MySQLi\Connection.php(300): mysqli->query('SELECT id, nome, descricao, categoria, data_validade, quantidade, status, data_criacao FROM epi', 0)
 2 SYSTEMPATH\Database\BaseConnection.php(769): CodeIgniter\Database\MySQLi\Connection->execute('SELECT id, nome, descricao, categoria, data_validade, quantidade, status, data_criacao FROM epi')
 3 SYSTEMPATH\Database\BaseConnection.php(686): CodeIgniter\Database\BaseConnection->simpleQuery('SELECT id, nome, descricao, categoria, data_validade, quantidade, status, data_criacao FROM epi')
 4 APPPATH\Models\epiModel.php(31): CodeIgniter\Database\BaseConnection->query('SELECT id, nome, descricao, categoria, data_validade, quantidade, status, data_criacao FROM epi')
 5 APPPATH\Controllers\Home.php(51): App\Models\epiModel->buscarTodosepi()
 6 SYSTEMPATH\CodeIgniter.php(951): App\Controllers\Home->listarepi()
 7 SYSTEMPATH\CodeIgniter.php(497): CodeIgniter\CodeIgniter->runController(Object(App\Controllers\Home))
 8 SYSTEMPATH\CodeIgniter.php(340): CodeIgniter\CodeIgniter->handleRequest(null, Object(Config\Cache), false)
 9 SYSTEMPATH\Boot.php(417): CodeIgniter\CodeIgniter->run()
10 SYSTEMPATH\Boot.php(68): CodeIgniter\Boot::runCodeIgniter(Object(CodeIgniter\CodeIgniter))
11 FCPATH\index.php(64): CodeIgniter\Boot::bootWeb(Object(Config\Paths))
ERROR - 2026-05-27 22:34:47 --> Table 'epi.epi' doesn't exist
in SYSTEMPATH\Database\MySQLi\Connection.php on line 300.
 1 SYSTEMPATH\Database\MySQLi\Connection.php(300): mysqli->query('SELECT id, nome, descricao, categoria, data_validade, quantidade, status, data_criacao FROM epi', 0)
 2 SYSTEMPATH\Database\BaseConnection.php(769): CodeIgniter\Database\MySQLi\Connection->execute('SELECT id, nome, descricao, categoria, data_validade, quantidade, status, data_criacao FROM epi')
 3 SYSTEMPATH\Database\BaseConnection.php(686): CodeIgniter\Database\BaseConnection->simpleQuery('SELECT id, nome, descricao, categoria, data_validade, quantidade, status, data_criacao FROM epi')
 4 APPPATH\Models\epiModel.php(31): CodeIgniter\Database\BaseConnection->query('SELECT id, nome, descricao, categoria, data_validade, quantidade, status, data_criacao FROM epi')
 5 APPPATH\Controllers\Home.php(51): App\Models\epiModel->buscarTodosepi()
 6 SYSTEMPATH\CodeIgniter.php(951): App\Controllers\Home->listarepi()
 7 SYSTEMPATH\CodeIgniter.php(497): CodeIgniter\CodeIgniter->runController(Object(App\Controllers\Home))
 8 SYSTEMPATH\CodeIgniter.php(340): CodeIgniter\CodeIgniter->handleRequest(null, Object(Config\Cache), false)
 9 SYSTEMPATH\Boot.php(417): CodeIgniter\CodeIgniter->run()
10 SYSTEMPATH\Boot.php(68): CodeIgniter\Boot::runCodeIgniter(Object(CodeIgniter\CodeIgniter))
11 FCPATH\index.php(64): CodeIgniter\Boot::bootWeb(Object(Config\Paths))
CRITICAL - 2026-05-27 22:34:47 --> CodeIgniter\Database\Exceptions\DatabaseException: Table 'epi.epi' doesn't exist
[Method: GET, Route: epi]
in SYSTEMPATH\Database\BaseConnection.php on line 724.
 1 APPPATH\Models\epiModel.php(31): CodeIgniter\Database\BaseConnection->query('SELECT id, nome, descricao, categoria, data_validade, quantidade, status, data_criacao FROM epi')
 2 APPPATH\Controllers\Home.php(51): App\Models\epiModel->buscarTodosepi()
 3 SYSTEMPATH\CodeIgniter.php(951): App\Controllers\Home->listarepi()
 4 SYSTEMPATH\CodeIgniter.php(497): CodeIgniter\CodeIgniter->runController(Object(App\Controllers\Home))
 5 SYSTEMPATH\CodeIgniter.php(340): CodeIgniter\CodeIgniter->handleRequest(null, Object(Config\Cache), false)
 6 SYSTEMPATH\Boot.php(417): CodeIgniter\CodeIgniter->run()
 7 SYSTEMPATH\Boot.php(68): CodeIgniter\Boot::runCodeIgniter(Object(CodeIgniter\CodeIgniter))
 8 FCPATH\index.php(64): CodeIgniter\Boot::bootWeb(Object(Config\Paths))
CRITICAL - 2026-05-27 22:34:47 --> [Caused by] CodeIgniter\Database\Exceptions\DatabaseException: Table 'epi.epi' doesn't exist
in SYSTEMPATH\Database\MySQLi\Connection.php on line 310.
 1 SYSTEMPATH\Database\BaseConnection.php(769): CodeIgniter\Database\MySQLi\Connection->execute('SELECT id, nome, descricao, categoria, data_validade, quantidade, status, data_criacao FROM epi')
 2 SYSTEMPATH\Database\BaseConnection.php(686): CodeIgniter\Database\BaseConnection->simpleQuery('SELECT id, nome, descricao, categoria, data_validade, quantidade, status, data_criacao FROM epi')
 3 APPPATH\Models\epiModel.php(31): CodeIgniter\Database\BaseConnection->query('SELECT id, nome, descricao, categoria, data_validade, quantidade, status, data_criacao FROM epi')
 4 APPPATH\Controllers\Home.php(51): App\Models\epiModel->buscarTodosepi()
 5 SYSTEMPATH\CodeIgniter.php(951): App\Controllers\Home->listarepi()
 6 SYSTEMPATH\CodeIgniter.php(497): CodeIgniter\CodeIgniter->runController(Object(App\Controllers\Home))
 7 SYSTEMPATH\CodeIgniter.php(340): CodeIgniter\CodeIgniter->handleRequest(null, Object(Config\Cache), false)
 8 SYSTEMPATH\Boot.php(417): CodeIgniter\CodeIgniter->run()
 9 SYSTEMPATH\Boot.php(68): CodeIgniter\Boot::runCodeIgniter(Object(CodeIgniter\CodeIgniter))
10 FCPATH\index.php(64): CodeIgniter\Boot::bootWeb(Object(Config\Paths))
CRITICAL - 2026-05-27 22:34:47 --> [Caused by] mysqli_sql_exception: Table 'epi.epi' doesn't exist
in SYSTEMPATH\Database\MySQLi\Connection.php on line 300.
 1 SYSTEMPATH\Database\MySQLi\Connection.php(300): mysqli->query('SELECT id, nome, descricao, categoria, data_validade, quantidade, status, data_criacao FROM epi', 0)
 2 SYSTEMPATH\Database\BaseConnection.php(769): CodeIgniter\Database\MySQLi\Connection->execute('SELECT id, nome, descricao, categoria, data_validade, quantidade, status, data_criacao FROM epi')
 3 SYSTEMPATH\Database\BaseConnection.php(686): CodeIgniter\Database\BaseConnection->simpleQuery('SELECT id, nome, descricao, categoria, data_validade, quantidade, status, data_criacao FROM epi')
 4 APPPATH\Models\epiModel.php(31): CodeIgniter\Database\BaseConnection->query('SELECT id, nome, descricao, categoria, data_validade, quantidade, status, data_criacao FROM epi')
 5 APPPATH\Controllers\Home.php(51): App\Models\epiModel->buscarTodosepi()
 6 SYSTEMPATH\CodeIgniter.php(951): App\Controllers\Home->listarepi()
 7 SYSTEMPATH\CodeIgniter.php(497): CodeIgniter\CodeIgniter->runController(Object(App\Controllers\Home))
 8 SYSTEMPATH\CodeIgniter.php(340): CodeIgniter\CodeIgniter->handleRequest(null, Object(Config\Cache), false)
 9 SYSTEMPATH\Boot.php(417): CodeIgniter\CodeIgniter->run()
10 SYSTEMPATH\Boot.php(68): CodeIgniter\Boot::runCodeIgniter(Object(CodeIgniter\CodeIgniter))
11 FCPATH\index.php(64): CodeIgniter\Boot::bootWeb(Object(Config\Paths))
ERROR - 2026-05-27 22:34:52 --> Table 'epi.epi' doesn't exist
in SYSTEMPATH\Database\MySQLi\Connection.php on line 300.
 1 SYSTEMPATH\Database\MySQLi\Connection.php(300): mysqli->query('SELECT id, nome, descricao, categoria, data_validade, quantidade, status, data_criacao FROM epi', 0)
 2 SYSTEMPATH\Database\BaseConnection.php(769): CodeIgniter\Database\MySQLi\Connection->execute('SELECT id, nome, descricao, categoria, data_validade, quantidade, status, data_criacao FROM epi')
 3 SYSTEMPATH\Database\BaseConnection.php(686): CodeIgniter\Database\BaseConnection->simpleQuery('SELECT id, nome, descricao, categoria, data_validade, quantidade, status, data_criacao FROM epi')
 4 APPPATH\Models\epiModel.php(31): CodeIgniter\Database\BaseConnection->query('SELECT id, nome, descricao, categoria, data_validade, quantidade, status, data_criacao FROM epi')
 5 APPPATH\Controllers\Home.php(51): App\Models\epiModel->buscarTodosepi()
 6 SYSTEMPATH\CodeIgniter.php(951): App\Controllers\Home->listarepi()
 7 SYSTEMPATH\CodeIgniter.php(497): CodeIgniter\CodeIgniter->runController(Object(App\Controllers\Home))
 8 SYSTEMPATH\CodeIgniter.php(340): CodeIgniter\CodeIgniter->handleRequest(null, Object(Config\Cache), false)
 9 SYSTEMPATH\Boot.php(417): CodeIgniter\CodeIgniter->run()
10 SYSTEMPATH\Boot.php(68): CodeIgniter\Boot::runCodeIgniter(Object(CodeIgniter\CodeIgniter))
11 FCPATH\index.php(64): CodeIgniter\Boot::bootWeb(Object(Config\Paths))
CRITICAL - 2026-05-27 22:34:52 --> CodeIgniter\Database\Exceptions\DatabaseException: Table 'epi.epi' doesn't exist
[Method: GET, Route: epi]
in SYSTEMPATH\Database\BaseConnection.php on line 724.
 1 APPPATH\Models\epiModel.php(31): CodeIgniter\Database\BaseConnection->query('SELECT id, nome, descricao, categoria, data_validade, quantidade, status, data_criacao FROM epi')
 2 APPPATH\Controllers\Home.php(51): App\Models\epiModel->buscarTodosepi()
 3 SYSTEMPATH\CodeIgniter.php(951): App\Controllers\Home->listarepi()
 4 SYSTEMPATH\CodeIgniter.php(497): CodeIgniter\CodeIgniter->runController(Object(App\Controllers\Home))
 5 SYSTEMPATH\CodeIgniter.php(340): CodeIgniter\CodeIgniter->handleRequest(null, Object(Config\Cache), false)
 6 SYSTEMPATH\Boot.php(417): CodeIgniter\CodeIgniter->run()
 7 SYSTEMPATH\Boot.php(68): CodeIgniter\Boot::runCodeIgniter(Object(CodeIgniter\CodeIgniter))
 8 FCPATH\index.php(64): CodeIgniter\Boot::bootWeb(Object(Config\Paths))
CRITICAL - 2026-05-27 22:34:52 --> [Caused by] CodeIgniter\Database\Exceptions\DatabaseException: Table 'epi.epi' doesn't exist
in SYSTEMPATH\Database\MySQLi\Connection.php on line 310.
 1 SYSTEMPATH\Database\BaseConnection.php(769): CodeIgniter\Database\MySQLi\Connection->execute('SELECT id, nome, descricao, categoria, data_validade, quantidade, status, data_criacao FROM epi')
 2 SYSTEMPATH\Database\BaseConnection.php(686): CodeIgniter\Database\BaseConnection->simpleQuery('SELECT id, nome, descricao, categoria, data_validade, quantidade, status, data_criacao FROM epi')
 3 APPPATH\Models\epiModel.php(31): CodeIgniter\Database\BaseConnection->query('SELECT id, nome, descricao, categoria, data_validade, quantidade, status, data_criacao FROM epi')
 4 APPPATH\Controllers\Home.php(51): App\Models\epiModel->buscarTodosepi()
 5 SYSTEMPATH\CodeIgniter.php(951): App\Controllers\Home->listarepi()
 6 SYSTEMPATH\CodeIgniter.php(497): CodeIgniter\CodeIgniter->runController(Object(App\Controllers\Home))
 7 SYSTEMPATH\CodeIgniter.php(340): CodeIgniter\CodeIgniter->handleRequest(null, Object(Config\Cache), false)
 8 SYSTEMPATH\Boot.php(417): CodeIgniter\CodeIgniter->run()
 9 SYSTEMPATH\Boot.php(68): CodeIgniter\Boot::runCodeIgniter(Object(CodeIgniter\CodeIgniter))
10 FCPATH\index.php(64): CodeIgniter\Boot::bootWeb(Object(Config\Paths))
CRITICAL - 2026-05-27 22:34:52 --> [Caused by] mysqli_sql_exception: Table 'epi.epi' doesn't exist
in SYSTEMPATH\Database\MySQLi\Connection.php on line 300.
 1 SYSTEMPATH\Database\MySQLi\Connection.php(300): mysqli->query('SELECT id, nome, descricao, categoria, data_validade, quantidade, status, data_criacao FROM epi', 0)
 2 SYSTEMPATH\Database\BaseConnection.php(769): CodeIgniter\Database\MySQLi\Connection->execute('SELECT id, nome, descricao, categoria, data_validade, quantidade, status, data_criacao FROM epi')
 3 SYSTEMPATH\Database\BaseConnection.php(686): CodeIgniter\Database\BaseConnection->simpleQuery('SELECT id, nome, descricao, categoria, data_validade, quantidade, status, data_criacao FROM epi')
 4 APPPATH\Models\epiModel.php(31): CodeIgniter\Database\BaseConnection->query('SELECT id, nome, descricao, categoria, data_validade, quantidade, status, data_criacao FROM epi')
 5 APPPATH\Controllers\Home.php(51): App\Models\epiModel->buscarTodosepi()
 6 SYSTEMPATH\CodeIgniter.php(951): App\Controllers\Home->listarepi()
 7 SYSTEMPATH\CodeIgniter.php(497): CodeIgniter\CodeIgniter->runController(Object(App\Controllers\Home))
 8 SYSTEMPATH\CodeIgniter.php(340): CodeIgniter\CodeIgniter->handleRequest(null, Object(Config\Cache), false)
 9 SYSTEMPATH\Boot.php(417): CodeIgniter\CodeIgniter->run()
10 SYSTEMPATH\Boot.php(68): CodeIgniter\Boot::runCodeIgniter(Object(CodeIgniter\CodeIgniter))
11 FCPATH\index.php(64): CodeIgniter\Boot::bootWeb(Object(Config\Paths))
ERROR - 2026-05-27 22:42:56 --> Table 'epi.epi' doesn't exist
in SYSTEMPATH\Database\MySQLi\Connection.php on line 300.
 1 SYSTEMPATH\Database\MySQLi\Connection.php(300): mysqli->query('SELECT id, nome, descricao, categoria, data_validade, quantidade, status, data_criacao FROM epi', 0)
 2 SYSTEMPATH\Database\BaseConnection.php(769): CodeIgniter\Database\MySQLi\Connection->execute('SELECT id, nome, descricao, categoria, data_validade, quantidade, status, data_criacao FROM epi')
 3 SYSTEMPATH\Database\BaseConnection.php(686): CodeIgniter\Database\BaseConnection->simpleQuery('SELECT id, nome, descricao, categoria, data_validade, quantidade, status, data_criacao FROM epi')
 4 APPPATH\Models\epiModel.php(31): CodeIgniter\Database\BaseConnection->query('SELECT id, nome, descricao, categoria, data_validade, quantidade, status, data_criacao FROM epi')
 5 APPPATH\Controllers\Home.php(51): App\Models\epiModel->buscarTodosepi()
 6 SYSTEMPATH\CodeIgniter.php(951): App\Controllers\Home->listarepi()
 7 SYSTEMPATH\CodeIgniter.php(497): CodeIgniter\CodeIgniter->runController(Object(App\Controllers\Home))
 8 SYSTEMPATH\CodeIgniter.php(340): CodeIgniter\CodeIgniter->handleRequest(null, Object(Config\Cache), false)
 9 SYSTEMPATH\Boot.php(417): CodeIgniter\CodeIgniter->run()
10 SYSTEMPATH\Boot.php(68): CodeIgniter\Boot::runCodeIgniter(Object(CodeIgniter\CodeIgniter))
11 FCPATH\index.php(64): CodeIgniter\Boot::bootWeb(Object(Config\Paths))
CRITICAL - 2026-05-27 22:42:56 --> CodeIgniter\Database\Exceptions\DatabaseException: Table 'epi.epi' doesn't exist
[Method: GET, Route: epi]
in SYSTEMPATH\Database\BaseConnection.php on line 724.
 1 APPPATH\Models\epiModel.php(31): CodeIgniter\Database\BaseConnection->query('SELECT id, nome, descricao, categoria, data_validade, quantidade, status, data_criacao FROM epi')
 2 APPPATH\Controllers\Home.php(51): App\Models\epiModel->buscarTodosepi()
 3 SYSTEMPATH\CodeIgniter.php(951): App\Controllers\Home->listarepi()
 4 SYSTEMPATH\CodeIgniter.php(497): CodeIgniter\CodeIgniter->runController(Object(App\Controllers\Home))
 5 SYSTEMPATH\CodeIgniter.php(340): CodeIgniter\CodeIgniter->handleRequest(null, Object(Config\Cache), false)
 6 SYSTEMPATH\Boot.php(417): CodeIgniter\CodeIgniter->run()
 7 SYSTEMPATH\Boot.php(68): CodeIgniter\Boot::runCodeIgniter(Object(CodeIgniter\CodeIgniter))
 8 FCPATH\index.php(64): CodeIgniter\Boot::bootWeb(Object(Config\Paths))
CRITICAL - 2026-05-27 22:42:56 --> [Caused by] CodeIgniter\Database\Exceptions\DatabaseException: Table 'epi.epi' doesn't exist
in SYSTEMPATH\Database\MySQLi\Connection.php on line 310.
 1 SYSTEMPATH\Database\BaseConnection.php(769): CodeIgniter\Database\MySQLi\Connection->execute('SELECT id, nome, descricao, categoria, data_validade, quantidade, status, data_criacao FROM epi')
 2 SYSTEMPATH\Database\BaseConnection.php(686): CodeIgniter\Database\BaseConnection->simpleQuery('SELECT id, nome, descricao, categoria, data_validade, quantidade, status, data_criacao FROM epi')
 3 APPPATH\Models\epiModel.php(31): CodeIgniter\Database\BaseConnection->query('SELECT id, nome, descricao, categoria, data_validade, quantidade, status, data_criacao FROM epi')
 4 APPPATH\Controllers\Home.php(51): App\Models\epiModel->buscarTodosepi()
 5 SYSTEMPATH\CodeIgniter.php(951): App\Controllers\Home->listarepi()
 6 SYSTEMPATH\CodeIgniter.php(497): CodeIgniter\CodeIgniter->runController(Object(App\Controllers\Home))
 7 SYSTEMPATH\CodeIgniter.php(340): CodeIgniter\CodeIgniter->handleRequest(null, Object(Config\Cache), false)
 8 SYSTEMPATH\Boot.php(417): CodeIgniter\CodeIgniter->run()
 9 SYSTEMPATH\Boot.php(68): CodeIgniter\Boot::runCodeIgniter(Object(CodeIgniter\CodeIgniter))
10 FCPATH\index.php(64): CodeIgniter\Boot::bootWeb(Object(Config\Paths))
CRITICAL - 2026-05-27 22:42:56 --> [Caused by] mysqli_sql_exception: Table 'epi.epi' doesn't exist
in SYSTEMPATH\Database\MySQLi\Connection.php on line 300.
 1 SYSTEMPATH\Database\MySQLi\Connection.php(300): mysqli->query('SELECT id, nome, descricao, categoria, data_validade, quantidade, status, data_criacao FROM epi', 0)
 2 SYSTEMPATH\Database\BaseConnection.php(769): CodeIgniter\Database\MySQLi\Connection->execute('SELECT id, nome, descricao, categoria, data_validade, quantidade, status, data_criacao FROM epi')
 3 SYSTEMPATH\Database\BaseConnection.php(686): CodeIgniter\Database\BaseConnection->simpleQuery('SELECT id, nome, descricao, categoria, data_validade, quantidade, status, data_criacao FROM epi')
 4 APPPATH\Models\epiModel.php(31): CodeIgniter\Database\BaseConnection->query('SELECT id, nome, descricao, categoria, data_validade, quantidade, status, data_criacao FROM epi')
 5 APPPATH\Controllers\Home.php(51): App\Models\epiModel->buscarTodosepi()
 6 SYSTEMPATH\CodeIgniter.php(951): App\Controllers\Home->listarepi()
 7 SYSTEMPATH\CodeIgniter.php(497): CodeIgniter\CodeIgniter->runController(Object(App\Controllers\Home))
 8 SYSTEMPATH\CodeIgniter.php(340): CodeIgniter\CodeIgniter->handleRequest(null, Object(Config\Cache), false)
 9 SYSTEMPATH\Boot.php(417): CodeIgniter\CodeIgniter->run()
10 SYSTEMPATH\Boot.php(68): CodeIgniter\Boot::runCodeIgniter(Object(CodeIgniter\CodeIgniter))
11 FCPATH\index.php(64): CodeIgniter\Boot::bootWeb(Object(Config\Paths))
ERROR - 2026-05-27 22:42:59 --> Table 'epi.epi' doesn't exist
in SYSTEMPATH\Database\MySQLi\Connection.php on line 300.
 1 SYSTEMPATH\Database\MySQLi\Connection.php(300): mysqli->query('SELECT id, nome, descricao, categoria, data_validade, quantidade, status, data_criacao FROM epi', 0)
 2 SYSTEMPATH\Database\BaseConnection.php(769): CodeIgniter\Database\MySQLi\Connection->execute('SELECT id, nome, descricao, categoria, data_validade, quantidade, status, data_criacao FROM epi')
 3 SYSTEMPATH\Database\BaseConnection.php(686): CodeIgniter\Database\BaseConnection->simpleQuery('SELECT id, nome, descricao, categoria, data_validade, quantidade, status, data_criacao FROM epi')
 4 APPPATH\Models\epiModel.php(31): CodeIgniter\Database\BaseConnection->query('SELECT id, nome, descricao, categoria, data_validade, quantidade, status, data_criacao FROM epi')
 5 APPPATH\Controllers\Home.php(51): App\Models\epiModel->buscarTodosepi()
 6 SYSTEMPATH\CodeIgniter.php(951): App\Controllers\Home->listarepi()
 7 SYSTEMPATH\CodeIgniter.php(497): CodeIgniter\CodeIgniter->runController(Object(App\Controllers\Home))
 8 SYSTEMPATH\CodeIgniter.php(340): CodeIgniter\CodeIgniter->handleRequest(null, Object(Config\Cache), false)
 9 SYSTEMPATH\Boot.php(417): CodeIgniter\CodeIgniter->run()
10 SYSTEMPATH\Boot.php(68): CodeIgniter\Boot::runCodeIgniter(Object(CodeIgniter\CodeIgniter))
11 FCPATH\index.php(64): CodeIgniter\Boot::bootWeb(Object(Config\Paths))
CRITICAL - 2026-05-27 22:42:59 --> CodeIgniter\Database\Exceptions\DatabaseException: Table 'epi.epi' doesn't exist
[Method: GET, Route: epi]
in SYSTEMPATH\Database\BaseConnection.php on line 724.
 1 APPPATH\Models\epiModel.php(31): CodeIgniter\Database\BaseConnection->query('SELECT id, nome, descricao, categoria, data_validade, quantidade, status, data_criacao FROM epi')
 2 APPPATH\Controllers\Home.php(51): App\Models\epiModel->buscarTodosepi()
 3 SYSTEMPATH\CodeIgniter.php(951): App\Controllers\Home->listarepi()
 4 SYSTEMPATH\CodeIgniter.php(497): CodeIgniter\CodeIgniter->runController(Object(App\Controllers\Home))
 5 SYSTEMPATH\CodeIgniter.php(340): CodeIgniter\CodeIgniter->handleRequest(null, Object(Config\Cache), false)
 6 SYSTEMPATH\Boot.php(417): CodeIgniter\CodeIgniter->run()
 7 SYSTEMPATH\Boot.php(68): CodeIgniter\Boot::runCodeIgniter(Object(CodeIgniter\CodeIgniter))
 8 FCPATH\index.php(64): CodeIgniter\Boot::bootWeb(Object(Config\Paths))
CRITICAL - 2026-05-27 22:42:59 --> [Caused by] CodeIgniter\Database\Exceptions\DatabaseException: Table 'epi.epi' doesn't exist
in SYSTEMPATH\Database\MySQLi\Connection.php on line 310.
 1 SYSTEMPATH\Database\BaseConnection.php(769): CodeIgniter\Database\MySQLi\Connection->execute('SELECT id, nome, descricao, categoria, data_validade, quantidade, status, data_criacao FROM epi')
 2 SYSTEMPATH\Database\BaseConnection.php(686): CodeIgniter\Database\BaseConnection->simpleQuery('SELECT id, nome, descricao, categoria, data_validade, quantidade, status, data_criacao FROM epi')
 3 APPPATH\Models\epiModel.php(31): CodeIgniter\Database\BaseConnection->query('SELECT id, nome, descricao, categoria, data_validade, quantidade, status, data_criacao FROM epi')
 4 APPPATH\Controllers\Home.php(51): App\Models\epiModel->buscarTodosepi()
 5 SYSTEMPATH\CodeIgniter.php(951): App\Controllers\Home->listarepi()
 6 SYSTEMPATH\CodeIgniter.php(497): CodeIgniter\CodeIgniter->runController(Object(App\Controllers\Home))
 7 SYSTEMPATH\CodeIgniter.php(340): CodeIgniter\CodeIgniter->handleRequest(null, Object(Config\Cache), false)
 8 SYSTEMPATH\Boot.php(417): CodeIgniter\CodeIgniter->run()
 9 SYSTEMPATH\Boot.php(68): CodeIgniter\Boot::runCodeIgniter(Object(CodeIgniter\CodeIgniter))
10 FCPATH\index.php(64): CodeIgniter\Boot::bootWeb(Object(Config\Paths))
CRITICAL - 2026-05-27 22:42:59 --> [Caused by] mysqli_sql_exception: Table 'epi.epi' doesn't exist
in SYSTEMPATH\Database\MySQLi\Connection.php on line 300.
 1 SYSTEMPATH\Database\MySQLi\Connection.php(300): mysqli->query('SELECT id, nome, descricao, categoria, data_validade, quantidade, status, data_criacao FROM epi', 0)
 2 SYSTEMPATH\Database\BaseConnection.php(769): CodeIgniter\Database\MySQLi\Connection->execute('SELECT id, nome, descricao, categoria, data_validade, quantidade, status, data_criacao FROM epi')
 3 SYSTEMPATH\Database\BaseConnection.php(686): CodeIgniter\Database\BaseConnection->simpleQuery('SELECT id, nome, descricao, categoria, data_validade, quantidade, status, data_criacao FROM epi')
 4 APPPATH\Models\epiModel.php(31): CodeIgniter\Database\BaseConnection->query('SELECT id, nome, descricao, categoria, data_validade, quantidade, status, data_criacao FROM epi')
 5 APPPATH\Controllers\Home.php(51): App\Models\epiModel->buscarTodosepi()
 6 SYSTEMPATH\CodeIgniter.php(951): App\Controllers\Home->listarepi()
 7 SYSTEMPATH\CodeIgniter.php(497): CodeIgniter\CodeIgniter->runController(Object(App\Controllers\Home))
 8 SYSTEMPATH\CodeIgniter.php(340): CodeIgniter\CodeIgniter->handleRequest(null, Object(Config\Cache), false)
 9 SYSTEMPATH\Boot.php(417): CodeIgniter\CodeIgniter->run()
10 SYSTEMPATH\Boot.php(68): CodeIgniter\Boot::runCodeIgniter(Object(CodeIgniter\CodeIgniter))
11 FCPATH\index.php(64): CodeIgniter\Boot::bootWeb(Object(Config\Paths))
