ERROR - 2026-05-14 00:01:25 --> Error connecting to the database: mysqli_sql_exception: Unknown database 'ci4' in C:\xampp\htdocs\ProtecEPI\system\Database\MySQLi\Connection.php:201
Stack trace:
#0 C:\xampp\htdocs\ProtecEPI\system\Database\MySQLi\Connection.php(201): mysqli->real_connect('localhost', 'root', Object(SensitiveParameterValue), 'ci4', 3306, '', 0)
#1 C:\xampp\htdocs\ProtecEPI\system\Database\BaseConnection.php(419): CodeIgniter\Database\MySQLi\Connection->connect(false)
#2 C:\xampp\htdocs\ProtecEPI\system\Database\BaseConnection.php(654): CodeIgniter\Database\BaseConnection->initialize()
#3 C:\xampp\htdocs\ProtecEPI\app\Models\usuarioModel.php(40): CodeIgniter\Database\BaseConnection->query('SELECT * FROM u...', Array)
#4 C:\xampp\htdocs\ProtecEPI\app\Controllers\Home.php(27): App\Models\usuarioModel->autenticar('0001137159@sena...', '123')
#5 C:\xampp\htdocs\ProtecEPI\system\CodeIgniter.php(951): App\Controllers\Home->autenticar()
#6 C:\xampp\htdocs\ProtecEPI\system\CodeIgniter.php(497): CodeIgniter\CodeIgniter->runController(Object(App\Controllers\Home))
#7 C:\xampp\htdocs\ProtecEPI\system\CodeIgniter.php(340): CodeIgniter\CodeIgniter->handleRequest(NULL, Object(Config\Cache), false)
#8 C:\xampp\htdocs\ProtecEPI\system\Boot.php(417): CodeIgniter\CodeIgniter->run()
#9 C:\xampp\htdocs\ProtecEPI\system\Boot.php(68): CodeIgniter\Boot::runCodeIgniter(Object(CodeIgniter\CodeIgniter))
#10 C:\xampp\htdocs\ProtecEPI\index.php(64): CodeIgniter\Boot::bootWeb(Object(Config\Paths))
#11 {main}

Next CodeIgniter\Database\Exceptions\DatabaseException: Unknown database 'ci4' in C:\xampp\htdocs\ProtecEPI\system\Database\MySQLi\Connection.php:231
Stack trace:
#0 C:\xampp\htdocs\ProtecEPI\system\Database\BaseConnection.php(419): CodeIgniter\Database\MySQLi\Connection->connect(false)
#1 C:\xampp\htdocs\ProtecEPI\system\Database\BaseConnection.php(654): CodeIgniter\Database\BaseConnection->initialize()
#2 C:\xampp\htdocs\ProtecEPI\app\Models\usuarioModel.php(40): CodeIgniter\Database\BaseConnection->query('SELECT * FROM u...', Array)
#3 C:\xampp\htdocs\ProtecEPI\app\Controllers\Home.php(27): App\Models\usuarioModel->autenticar('0001137159@sena...', '123')
#4 C:\xampp\htdocs\ProtecEPI\system\CodeIgniter.php(951): App\Controllers\Home->autenticar()
#5 C:\xampp\htdocs\ProtecEPI\system\CodeIgniter.php(497): CodeIgniter\CodeIgniter->runController(Object(App\Controllers\Home))
#6 C:\xampp\htdocs\ProtecEPI\system\CodeIgniter.php(340): CodeIgniter\CodeIgniter->handleRequest(NULL, Object(Config\Cache), false)
#7 C:\xampp\htdocs\ProtecEPI\system\Boot.php(417): CodeIgniter\CodeIgniter->run()
#8 C:\xampp\htdocs\ProtecEPI\system\Boot.php(68): CodeIgniter\Boot::runCodeIgniter(Object(CodeIgniter\CodeIgniter))
#9 C:\xampp\htdocs\ProtecEPI\index.php(64): CodeIgniter\Boot::bootWeb(Object(Config\Paths))
#10 {main}
CRITICAL - 2026-05-14 00:01:25 --> CodeIgniter\Database\Exceptions\DatabaseException: Unable to connect to the database.
Main connection [MySQLi]: Unknown database 'ci4'
[Method: POST, Route: home/autenticar]
in SYSTEMPATH\Database\BaseConnection.php on line 465.
 1 SYSTEMPATH\Database\BaseConnection.php(654): CodeIgniter\Database\BaseConnection->initialize()
 2 APPPATH\Models\usuarioModel.php(40): CodeIgniter\Database\BaseConnection->query('SELECT * FROM usuario 
                WHERE nome = ? 
                AND senha = ? 
                LIMIT 1', [...])
 3 APPPATH\Controllers\Home.php(27): App\Models\usuarioModel->autenticar('0001137159@senaimgaluno.com.br', '123')
 4 SYSTEMPATH\CodeIgniter.php(951): App\Controllers\Home->autenticar()
 5 SYSTEMPATH\CodeIgniter.php(497): CodeIgniter\CodeIgniter->runController(Object(App\Controllers\Home))
 6 SYSTEMPATH\CodeIgniter.php(340): CodeIgniter\CodeIgniter->handleRequest(null, Object(Config\Cache), false)
 7 SYSTEMPATH\Boot.php(417): CodeIgniter\CodeIgniter->run()
 8 SYSTEMPATH\Boot.php(68): CodeIgniter\Boot::runCodeIgniter(Object(CodeIgniter\CodeIgniter))
 9 FCPATH\index.php(64): CodeIgniter\Boot::bootWeb(Object(Config\Paths))
CRITICAL - 2026-05-14 00:08:40 --> ErrorException: Undefined variable $rost
[Method: GET, Route: home/autenticar]
in APPPATH\Config\Routes.php on line 13.
 1 APPPATH\Config\Routes.php(13): CodeIgniter\Debug\Exceptions->errorHandler(2, 'Undefined variable $rost', 'C:\\xampp\\htdocs\\ProtecEPI\\app\\Config\\Routes.php', 13)
 2 SYSTEMPATH\Router\RouteCollection.php(339): require('C:\\xampp\\htdocs\\ProtecEPI\\app\\Config\\Routes.php')
 3 SYSTEMPATH\CodeIgniter.php(818): CodeIgniter\Router\RouteCollection->loadRoutes()
 4 SYSTEMPATH\CodeIgniter.php(441): CodeIgniter\CodeIgniter->tryToRouteIt(null)
 5 SYSTEMPATH\CodeIgniter.php(340): CodeIgniter\CodeIgniter->handleRequest(null, Object(Config\Cache), false)
 6 SYSTEMPATH\Boot.php(417): CodeIgniter\CodeIgniter->run()
 7 SYSTEMPATH\Boot.php(68): CodeIgniter\Boot::runCodeIgniter(Object(CodeIgniter\CodeIgniter))
 8 FCPATH\index.php(64): CodeIgniter\Boot::bootWeb(Object(Config\Paths))
CRITICAL - 2026-05-14 00:09:06 --> ErrorException: Undefined variable $rost
[Method: GET, Route: home/autenticar]
in APPPATH\Config\Routes.php on line 13.
 1 APPPATH\Config\Routes.php(13): CodeIgniter\Debug\Exceptions->errorHandler(2, 'Undefined variable $rost', 'C:\\xampp\\htdocs\\ProtecEPI\\app\\Config\\Routes.php', 13)
 2 SYSTEMPATH\Router\RouteCollection.php(339): require('C:\\xampp\\htdocs\\ProtecEPI\\app\\Config\\Routes.php')
 3 SYSTEMPATH\CodeIgniter.php(818): CodeIgniter\Router\RouteCollection->loadRoutes()
 4 SYSTEMPATH\CodeIgniter.php(441): CodeIgniter\CodeIgniter->tryToRouteIt(null)
 5 SYSTEMPATH\CodeIgniter.php(340): CodeIgniter\CodeIgniter->handleRequest(null, Object(Config\Cache), false)
 6 SYSTEMPATH\Boot.php(417): CodeIgniter\CodeIgniter->run()
 7 SYSTEMPATH\Boot.php(68): CodeIgniter\Boot::runCodeIgniter(Object(CodeIgniter\CodeIgniter))
 8 FCPATH\index.php(64): CodeIgniter\Boot::bootWeb(Object(Config\Paths))
CRITICAL - 2026-05-14 00:09:10 --> ErrorException: Undefined variable $rost
[Method: GET, Route: /]
in APPPATH\Config\Routes.php on line 13.
 1 APPPATH\Config\Routes.php(13): CodeIgniter\Debug\Exceptions->errorHandler(2, 'Undefined variable $rost', 'C:\\xampp\\htdocs\\ProtecEPI\\app\\Config\\Routes.php', 13)
 2 SYSTEMPATH\Router\RouteCollection.php(339): require('C:\\xampp\\htdocs\\ProtecEPI\\app\\Config\\Routes.php')
 3 SYSTEMPATH\CodeIgniter.php(818): CodeIgniter\Router\RouteCollection->loadRoutes()
 4 SYSTEMPATH\CodeIgniter.php(441): CodeIgniter\CodeIgniter->tryToRouteIt(null)
 5 SYSTEMPATH\CodeIgniter.php(340): CodeIgniter\CodeIgniter->handleRequest(null, Object(Config\Cache), false)
 6 SYSTEMPATH\Boot.php(417): CodeIgniter\CodeIgniter->run()
 7 SYSTEMPATH\Boot.php(68): CodeIgniter\Boot::runCodeIgniter(Object(CodeIgniter\CodeIgniter))
 8 FCPATH\index.php(64): CodeIgniter\Boot::bootWeb(Object(Config\Paths))
CRITICAL - 2026-05-14 00:09:13 --> ErrorException: Undefined variable $rost
[Method: GET, Route: /]
in APPPATH\Config\Routes.php on line 13.
 1 APPPATH\Config\Routes.php(13): CodeIgniter\Debug\Exceptions->errorHandler(2, 'Undefined variable $rost', 'C:\\xampp\\htdocs\\ProtecEPI\\app\\Config\\Routes.php', 13)
 2 SYSTEMPATH\Router\RouteCollection.php(339): require('C:\\xampp\\htdocs\\ProtecEPI\\app\\Config\\Routes.php')
 3 SYSTEMPATH\CodeIgniter.php(818): CodeIgniter\Router\RouteCollection->loadRoutes()
 4 SYSTEMPATH\CodeIgniter.php(441): CodeIgniter\CodeIgniter->tryToRouteIt(null)
 5 SYSTEMPATH\CodeIgniter.php(340): CodeIgniter\CodeIgniter->handleRequest(null, Object(Config\Cache), false)
 6 SYSTEMPATH\Boot.php(417): CodeIgniter\CodeIgniter->run()
 7 SYSTEMPATH\Boot.php(68): CodeIgniter\Boot::runCodeIgniter(Object(CodeIgniter\CodeIgniter))
 8 FCPATH\index.php(64): CodeIgniter\Boot::bootWeb(Object(Config\Paths))
CRITICAL - 2026-05-14 00:09:15 --> ErrorException: Undefined variable $rost
[Method: GET, Route: /]
in APPPATH\Config\Routes.php on line 13.
 1 APPPATH\Config\Routes.php(13): CodeIgniter\Debug\Exceptions->errorHandler(2, 'Undefined variable $rost', 'C:\\xampp\\htdocs\\ProtecEPI\\app\\Config\\Routes.php', 13)
 2 SYSTEMPATH\Router\RouteCollection.php(339): require('C:\\xampp\\htdocs\\ProtecEPI\\app\\Config\\Routes.php')
 3 SYSTEMPATH\CodeIgniter.php(818): CodeIgniter\Router\RouteCollection->loadRoutes()
 4 SYSTEMPATH\CodeIgniter.php(441): CodeIgniter\CodeIgniter->tryToRouteIt(null)
 5 SYSTEMPATH\CodeIgniter.php(340): CodeIgniter\CodeIgniter->handleRequest(null, Object(Config\Cache), false)
 6 SYSTEMPATH\Boot.php(417): CodeIgniter\CodeIgniter->run()
 7 SYSTEMPATH\Boot.php(68): CodeIgniter\Boot::runCodeIgniter(Object(CodeIgniter\CodeIgniter))
 8 FCPATH\index.php(64): CodeIgniter\Boot::bootWeb(Object(Config\Paths))
CRITICAL - 2026-05-14 00:11:36 --> ErrorException: Undefined variable $rost
[Method: GET, Route: /]
in APPPATH\Config\Routes.php on line 13.
 1 APPPATH\Config\Routes.php(13): CodeIgniter\Debug\Exceptions->errorHandler(2, 'Undefined variable $rost', 'C:\\xampp\\htdocs\\ProtecEPI\\app\\Config\\Routes.php', 13)
 2 SYSTEMPATH\Router\RouteCollection.php(339): require('C:\\xampp\\htdocs\\ProtecEPI\\app\\Config\\Routes.php')
 3 SYSTEMPATH\CodeIgniter.php(818): CodeIgniter\Router\RouteCollection->loadRoutes()
 4 SYSTEMPATH\CodeIgniter.php(441): CodeIgniter\CodeIgniter->tryToRouteIt(null)
 5 SYSTEMPATH\CodeIgniter.php(340): CodeIgniter\CodeIgniter->handleRequest(null, Object(Config\Cache), false)
 6 SYSTEMPATH\Boot.php(417): CodeIgniter\CodeIgniter->run()
 7 SYSTEMPATH\Boot.php(68): CodeIgniter\Boot::runCodeIgniter(Object(CodeIgniter\CodeIgniter))
 8 FCPATH\index.php(64): CodeIgniter\Boot::bootWeb(Object(Config\Paths))
CRITICAL - 2026-05-14 00:12:09 --> ParseError: syntax error, unexpected variable "$routes"
[Method: GET, Route: /]
in APPPATH\Config\Routes.php on line 14.
 1 SYSTEMPATH\CodeIgniter.php(818): CodeIgniter\Router\RouteCollection->loadRoutes()
 2 SYSTEMPATH\CodeIgniter.php(441): CodeIgniter\CodeIgniter->tryToRouteIt(null)
 3 SYSTEMPATH\CodeIgniter.php(340): CodeIgniter\CodeIgniter->handleRequest(null, Object(Config\Cache), false)
 4 SYSTEMPATH\Boot.php(417): CodeIgniter\CodeIgniter->run()
 5 SYSTEMPATH\Boot.php(68): CodeIgniter\Boot::runCodeIgniter(Object(CodeIgniter\CodeIgniter))
 6 FCPATH\index.php(64): CodeIgniter\Boot::bootWeb(Object(Config\Paths))
ERROR - 2026-05-14 00:12:42 --> Error connecting to the database: mysqli_sql_exception: Unknown database 'ci4' in C:\xampp\htdocs\ProtecEPI\system\Database\MySQLi\Connection.php:201
Stack trace:
#0 C:\xampp\htdocs\ProtecEPI\system\Database\MySQLi\Connection.php(201): mysqli->real_connect('localhost', 'root', Object(SensitiveParameterValue), 'ci4', 3306, '', 0)
#1 C:\xampp\htdocs\ProtecEPI\system\Database\BaseConnection.php(419): CodeIgniter\Database\MySQLi\Connection->connect(false)
#2 C:\xampp\htdocs\ProtecEPI\system\Database\BaseConnection.php(654): CodeIgniter\Database\BaseConnection->initialize()
#3 C:\xampp\htdocs\ProtecEPI\app\Models\usuarioModel.php(40): CodeIgniter\Database\BaseConnection->query('SELECT * FROM u...', Array)
#4 C:\xampp\htdocs\ProtecEPI\app\Controllers\Home.php(27): App\Models\usuarioModel->autenticar('0001137159@sena...', '1234')
#5 C:\xampp\htdocs\ProtecEPI\system\CodeIgniter.php(951): App\Controllers\Home->autenticar()
#6 C:\xampp\htdocs\ProtecEPI\system\CodeIgniter.php(497): CodeIgniter\CodeIgniter->runController(Object(App\Controllers\Home))
#7 C:\xampp\htdocs\ProtecEPI\system\CodeIgniter.php(340): CodeIgniter\CodeIgniter->handleRequest(NULL, Object(Config\Cache), false)
#8 C:\xampp\htdocs\ProtecEPI\system\Boot.php(417): CodeIgniter\CodeIgniter->run()
#9 C:\xampp\htdocs\ProtecEPI\system\Boot.php(68): CodeIgniter\Boot::runCodeIgniter(Object(CodeIgniter\CodeIgniter))
#10 C:\xampp\htdocs\ProtecEPI\index.php(64): CodeIgniter\Boot::bootWeb(Object(Config\Paths))
#11 {main}

Next CodeIgniter\Database\Exceptions\DatabaseException: Unknown database 'ci4' in C:\xampp\htdocs\ProtecEPI\system\Database\MySQLi\Connection.php:231
Stack trace:
#0 C:\xampp\htdocs\ProtecEPI\system\Database\BaseConnection.php(419): CodeIgniter\Database\MySQLi\Connection->connect(false)
#1 C:\xampp\htdocs\ProtecEPI\system\Database\BaseConnection.php(654): CodeIgniter\Database\BaseConnection->initialize()
#2 C:\xampp\htdocs\ProtecEPI\app\Models\usuarioModel.php(40): CodeIgniter\Database\BaseConnection->query('SELECT * FROM u...', Array)
#3 C:\xampp\htdocs\ProtecEPI\app\Controllers\Home.php(27): App\Models\usuarioModel->autenticar('0001137159@sena...', '1234')
#4 C:\xampp\htdocs\ProtecEPI\system\CodeIgniter.php(951): App\Controllers\Home->autenticar()
#5 C:\xampp\htdocs\ProtecEPI\system\CodeIgniter.php(497): CodeIgniter\CodeIgniter->runController(Object(App\Controllers\Home))
#6 C:\xampp\htdocs\ProtecEPI\system\CodeIgniter.php(340): CodeIgniter\CodeIgniter->handleRequest(NULL, Object(Config\Cache), false)
#7 C:\xampp\htdocs\ProtecEPI\system\Boot.php(417): CodeIgniter\CodeIgniter->run()
#8 C:\xampp\htdocs\ProtecEPI\system\Boot.php(68): CodeIgniter\Boot::runCodeIgniter(Object(CodeIgniter\CodeIgniter))
#9 C:\xampp\htdocs\ProtecEPI\index.php(64): CodeIgniter\Boot::bootWeb(Object(Config\Paths))
#10 {main}
CRITICAL - 2026-05-14 00:12:42 --> CodeIgniter\Database\Exceptions\DatabaseException: Unable to connect to the database.
Main connection [MySQLi]: Unknown database 'ci4'
[Method: POST, Route: home/autenticar]
in SYSTEMPATH\Database\BaseConnection.php on line 465.
 1 SYSTEMPATH\Database\BaseConnection.php(654): CodeIgniter\Database\BaseConnection->initialize()
 2 APPPATH\Models\usuarioModel.php(40): CodeIgniter\Database\BaseConnection->query('SELECT * FROM usuario 
                WHERE nome = ? 
                AND senha = ? 
                LIMIT 1', [...])
 3 APPPATH\Controllers\Home.php(27): App\Models\usuarioModel->autenticar('0001137159@senaimgaluno.com.br', '1234')
 4 SYSTEMPATH\CodeIgniter.php(951): App\Controllers\Home->autenticar()
 5 SYSTEMPATH\CodeIgniter.php(497): CodeIgniter\CodeIgniter->runController(Object(App\Controllers\Home))
 6 SYSTEMPATH\CodeIgniter.php(340): CodeIgniter\CodeIgniter->handleRequest(null, Object(Config\Cache), false)
 7 SYSTEMPATH\Boot.php(417): CodeIgniter\CodeIgniter->run()
 8 SYSTEMPATH\Boot.php(68): CodeIgniter\Boot::runCodeIgniter(Object(CodeIgniter\CodeIgniter))
 9 FCPATH\index.php(64): CodeIgniter\Boot::bootWeb(Object(Config\Paths))
CRITICAL - 2026-05-14 00:14:02 --> CodeIgniter\View\Exceptions\ViewException: Invalid file: "auto_auth.php"
[Method: GET, Route: erro]
in SYSTEMPATH\Exceptions\FrameworkException.php on line 39.
 1 SYSTEMPATH\View\View.php(226): CodeIgniter\Exceptions\FrameworkException::forInvalidFile('auto_auth.php')
 2 SYSTEMPATH\Common.php(1250): CodeIgniter\View\View->render('auto_auth', [], true)
 3 APPPATH\Controllers\Home.php(45): view('auto_auth')
 4 SYSTEMPATH\CodeIgniter.php(951): App\Controllers\Home->erro_auth()
 5 SYSTEMPATH\CodeIgniter.php(497): CodeIgniter\CodeIgniter->runController(Object(App\Controllers\Home))
 6 SYSTEMPATH\CodeIgniter.php(340): CodeIgniter\CodeIgniter->handleRequest(null, Object(Config\Cache), false)
 7 SYSTEMPATH\Boot.php(417): CodeIgniter\CodeIgniter->run()
 8 SYSTEMPATH\Boot.php(68): CodeIgniter\Boot::runCodeIgniter(Object(CodeIgniter\CodeIgniter))
 9 FCPATH\index.php(64): CodeIgniter\Boot::bootWeb(Object(Config\Paths))
